[Licensing::Module] Trying to connect to existing licensing client channel...
Built from '6000.4/staging' branch; Version is '6000.4.0f1 (8cf496087c8f) revision 9237654'; Using compiler version '194234433'; Build Type 'Release'
[Licensing::IpcConnector] Successfully connected to: "LicenseClient-HP" at "2026-05-06T12:00:05.4653725Z"
OS: 'Windows 10  (10.0.19045) 64bit Professional' Language: 'ru' Physical Memory: 15739 MB
BatchMode: 1, IsHumanControllingUs: 0, StartBugReporterOnCrash: 0, Is64bit: 1
System  architecture: x64
Process architecture: x64
Date: 2026-05-06T12:00:05Z

COMMAND LINE ARGUMENTS:
D:\Unity\6000.4.0f1\Editor\Unity.exe
-adb2
-batchMode
-noUpm
-name
AssetImportWorker0
-projectPath
D:/Unity/UnityGames/Horror3
-logFile
Logs/AssetImportWorker0.log
-srvPort
49383
-force-d3d12
-job-worker-count
5
-background-job-worker-count
8
-gc-helper-count
1
-name
AssetImport
Successfully changed project path to: D:/Unity/UnityGames/Horror3
D:/Unity/UnityGames/Horror3
[UnityMemory] Configuration Parameters - Can be set up in boot.config
    "memorysetup-temp-allocator-size-gi-baking-worker=262144"
    "memorysetup-temp-allocator-size-gi-baking-worker=262144"
    "memorysetup-temp-allocator-size-gi-baking-worker=262144"
    "memorysetup-temp-allocator-size-gi-baking-worker=262144"
    "memorysetup-temp-allocator-size-gi-baking-worker=262144"
    "memorysetup-temp-allocator-size-nav-mesh-worker=65536"
    "memorysetup-temp-allocator-size-audio-worker=65536"
    "memorysetup-temp-allocator-size-cloud-worker=32768"
    "memorysetup-temp-allocator-size-gfx=262144"
    "memorysetup-temp-allocator-size-preload-manager=33554432"
    "memorysetup-temp-allocator-size-job-worker=262144"
    "memorysetup-temp-allocator-size-background-worker=32768"
    "memorysetup-allocator-temp-initial-block-size-main=262144"
    "memorysetup-allocator-temp-initial-block-size-worker=262144"
    "memorysetup-bucket-allocator-granularity=16"
    "memorysetup-bucket-allocator-bucket-count=8"
    "memorysetup-bucket-allocator-block-size=33554432"
    "memorysetup-bucket-allocator-block-count=8"
    "memorysetup-main-allocator-block-size=16777216"
    "memorysetup-thread-allocator-block-size=16777216"
    "memorysetup-gfx-main-allocator-block-size=16777216"
    "memorysetup-gfx-thread-allocator-block-size=16777216"
    "memorysetup-cache-allocator-block-size=4194304"
    "memorysetup-typetree-allocator-block-size=2097152"
    "memorysetup-profiler-bucket-allocator-granularity=16"
    "memorysetup-profiler-bucket-allocator-bucket-count=8"
    "memorysetup-profiler-bucket-allocator-block-size=33554432"
    "memorysetup-profiler-bucket-allocator-block-count=8"
    "memorysetup-profiler-allocator-block-size=16777216"
    "memorysetup-profiler-editor-allocator-block-size=1048576"
    "memorysetup-temp-allocator-size-main=16777216"
    "memorysetup-job-temp-allocator-block-size=2097152"
    "memorysetup-job-temp-allocator-block-size-background=1048576"
    "memorysetup-job-temp-allocator-reduction-small-platforms=262144"
Player connection [7612]  Target information:

Player connection [7612]  * "[IP] 26.118.42.253 [Port] 0 [Flags] 2 [Guid] 3583082499 [EditorId] 3583082499 [Version] 1048832 [Id] WindowsEditor(7,DESKTOP-L0DI5S2) [Debug] 1 [PackageName] WindowsEditor [ProjectName] Editor" 

Player connection [7612]  * "[IP] 192.168.0.167 [Port] 0 [Flags] 2 [Guid] 3583082499 [EditorId] 3583082499 [Version] 1048832 [Id] WindowsEditor(7,DESKTOP-L0DI5S2) [Debug] 1 [PackageName] WindowsEditor [ProjectName] Editor" 

Player connection [7612] Host joined multi-casting on [225.0.0.222:54997]...
Player connection [7612] Host joined alternative multi-casting on [225.0.0.222:34997]...
JobSystem: Creating JobQueue using job-worker-count value 5
Input System module state changed to: Initialized.
[Physics::Module] Initialized fallback backend.
[Physics::Module] Id: 0xdecafbad
Library Redirect Path: Library/
[Physics::Module] Selected backend.
[Physics::Module] Name: PhysX
[Physics::Module] Id: 0xf2b8ea05
[Physics::Module] SDK Version: 4.1.2
[Physics::Module] Integration Version: 1.0.0
[Physics::Module] Threading Mode: Multi-Threaded
Initialize engine version: 6000.4.0f1 (8cf496087c8f)
[Subsystems] Discovering subsystems at path D:/Unity/6000.4.0f1/Editor/Data/Resources/UnitySubsystems
[Subsystems] Discovering subsystems at path D:/Unity/UnityGames/Horror3/Assets
Forcing GfxDevice: Direct3D 12
GfxDevice: creating device client; kGfxThreadingModeNonThreaded
d3d12: failed to query info queue interface (0x80004002).
Direct3D:
    Version:         Direct3D 12 [level 12.1]
    Renderer:        AMD Radeon(TM) Graphics (ID=0x1636)
    Vendor:          ATI
    VRAM:            7869 MB
    App VRAM Budget: 7691 MB
    Driver:          31.0.21923.11000
    Unified Memory Architecture
Initialize mono
Mono path[0] = 'D:/Unity/6000.4.0f1/Editor/Data/Managed'
Mono path[1] = 'D:/Unity/6000.4.0f1/Editor/Data/MonoBleedingEdge/lib/mono/unityjit-win32'
Mono config path = 'D:/Unity/6000.4.0f1/Editor/Data/MonoBleedingEdge/etc'
Using monoOptions --debugger-agent=transport=dt_socket,embedding=1,server=y,suspend=n,address=127.0.0.1:56316
CodeReloadManager initialized
Begin MonoManager ReloadAssembly
Registering precompiled unity dll's ...
Register platform support module: D:/Unity/6000.4.0f1/Editor/Data/PlaybackEngines/WebGLSupport/UnityEditor.WebGL.Extensions.dll
Register platform support module: D:/Unity/6000.4.0f1/Editor/Data/PlaybackEngines/WindowsStandaloneSupport/UnityEditor.WindowsStandalone.Extensions.dll
[Licensing::Module] Licensing is not yet initialized.
[Licensing::Client] Error: HandshakeResponse reported an error:
	ResponseCode: 505
	ResponseStatus: Unsupported protocol version '1.18.1'.
[Licensing::Module] Error: Failed to handshake to channel: "LicenseClient-HP"
[Licensing::IpcConnector] LicenseClient-HP channel disconnected successfully.
[Licensing::IpcConnector] Successfully connected to: "LicenseClient-HP-6000.4.0" at "2026-05-06T12:00:06.5292329Z"
[Licensing::Client] Handshaking with LicensingClient:
  Version:                 1.18.1+9fbee8e
  Session Id:              87d8c31f98d04dd3a94150ee5a67a4c3
  Correlation Id:          2c99d65b5c7d33c4e7552abcd56bfa73
  External correlation Id: 3594610415958518647
  Machine Id:              ZUof6B12KhUq9OTq9nLrS3MQZfs=
[Licensing::Module] Successfully connected to LicensingClient on channel: "LicenseClient-HP-6000.4.0" (connect: 0.00s, validation: 0.00s, handshake: 0.99s)
[Licensing::IpcConnector] Successfully connected to: "LicenseClient-HP-6000.4.0-notifications" at "2026-05-06T12:00:07.5202272Z"
[Licensing::Module] Licensing Background thread has ended after 2.06s
[Licensing::Module] Licensing is initialized (took 1.07s).
[Licensing::Client] Successfully resolved entitlement details
[Licensing::Module] License group:
  Id: 10171418086309-UnityPersXXXX
  Product: Unity Personal
  Type: Assigned
  Expiration: Unlimited
Register platform support module: D:/Unity/6000.4.0f1/Editor/Data/PlaybackEngines/AndroidPlayer/UnityEditor.Android.Extensions.dll
[Licensing::Client] Successfully resolved entitlement details
Register platform support module: D:/Unity/6000.4.0f1/Editor/Data/PlaybackEngines/iOSSupport/UnityEditor.iOS.Extensions.dll
Registered in 1.080833 seconds.
Native extension for iOS target not found
Native extension for Android target not found
Android Extension - Scanning For ADB Devices 292 ms
Native extension for WindowsStandalone target not found
Native extension for WebGL target not found
Package Manager log level set to [2]
[Package Manager] Failed to launch server process. Reason: Unity was launched with the -noUpm command-line argument
[Package Manager] Unable to send message (not connected to server process).
[Package Manager] Cannot connect to Unity Package Manager local server
ScheduleIndexationOnStartup MainProcess:False IndexOnStartup:True
Mono: successfully reloaded assembly
- Finished resetting the current domain, in  0.953 seconds
Domain Reload Profiling: 2741ms
	BeginReloadAssembly (192ms)
	RebuildCommonClasses (59ms)
	RebuildNativeTypeToScriptingClass (18ms)
	initialDomainReloadingComplete (1179ms)
	LoadAllAssembliesAndSetupDomain (341ms)
		LoadAssemblies (191ms)
		AnalyzeDomain (325ms)
			TypeCache.Refresh (324ms)
				TypeCache.ScanAssembly (304ms)
	FinalizeReload (954ms)
		SetupLoadedEditorAssemblies (0ms)
			InitializePlatformSupportModulesInManaged (420ms)
			BeforeProcessingInitializeOnLoad (129ms)
			ProcessInitializeOnLoadAttributes (171ms)
			ProcessInitializeOnLoadMethodAttributes (111ms)
========================================================================
Worker process is ready to serve import requests
Import Worker Mode flag is 0x00
Begin MonoManager ReloadAssembly
[Licensing::Client] Successfully resolved entitlement details
Duplicate assembly 'System.Collections.Immutable.FSR.dll' with different versions detected, using 'Assets/FastScriptReload/Plugins/Roslyn/2021+/System.Collections.Immutable.FSR.dll, AssemblyName=System.Collections.Immutable, Version=7.0.0.0, Culture=neutral, PublicKeyToken=b03f5f7f11d50a3a' and ignoring 'Assets/FastScriptReload/Plugins/Roslyn/2021+/System.Collections.Immutable.dll, AssemblyName=System.Collections.Immutable, Version=1.2.3.0, Culture=neutral, PublicKeyToken=b03f5f7f11d50a3a'.Assembly Assembly-CSharp-Editor-firstpass.dll at Library/ScriptAssemblies/Assembly-CSharp-Editor-firstpass.dll not valid. Loading of assembly skipped.
Assembly DocCodeExamples.dll at Library/ScriptAssemblies/DocCodeExamples.dll not valid. Loading of assembly skipped.
Assembly FastScriptReload.Tests.Editor.dll at Library/ScriptAssemblies/FastScriptReload.Tests.Editor.dll not valid. Loading of assembly skipped.
Assembly FastScriptReload.Tests.Runtime.dll at Library/ScriptAssemblies/FastScriptReload.Tests.Runtime.dll not valid. Loading of assembly skipped.
Assembly TestNewCustomAssembly.dll at Library/ScriptAssemblies/TestNewCustomAssembly.dll not valid. Loading of assembly skipped.
Assembly Unity.2D.Sprite.Package.EditorTests.dll at Library/ScriptAssemblies/Unity.2D.Sprite.Package.EditorTests.dll not valid. Loading of assembly skipped.
Assembly Unity.Collections.BurstCompatibilityGen.dll at Library/ScriptAssemblies/Unity.Collections.BurstCompatibilityGen.dll not valid. Loading of assembly skipped.
Assembly Unity.Collections.DocCodeSamples.dll at Library/ScriptAssemblies/Unity.Collections.DocCodeSamples.dll not valid. Loading of assembly skipped.
Assembly Unity.Collections.PerformanceTests.dll at Library/ScriptAssemblies/Unity.Collections.PerformanceTests.dll not valid. Loading of assembly skipped.
Assembly Unity.Collections.Tests.dll at Library/ScriptAssemblies/Unity.Collections.Tests.dll not valid. Loading of assembly skipped.
Assembly Unity.Collections.Tests.Playmode.dll at Library/ScriptAssemblies/Unity.Collections.Tests.Playmode.dll not valid. Loading of assembly skipped.
Assembly Unity.InputSystem.IntegrationTests.dll at Library/ScriptAssemblies/Unity.InputSystem.IntegrationTests.dll not valid. Loading of assembly skipped.
Assembly Unity.Mathematics.Tests.dll at Library/ScriptAssemblies/Unity.Mathematics.Tests.dll not valid. Loading of assembly skipped.
Assembly Unity.Multiplayer.Center.Editor.Tests.dll at Library/ScriptAssemblies/Unity.Multiplayer.Center.Editor.Tests.dll not valid. Loading of assembly skipped.
Assembly Unity.Multiplayer.Center.Tests.dll at Library/ScriptAssemblies/Unity.Multiplayer.Center.Tests.dll not valid. Loading of assembly skipped.
Assembly Unity.Nuget.Mono-Cecil.dll at Library/ScriptAssemblies/Unity.Nuget.Mono-Cecil.dll not valid. Loading of assembly skipped.
Assembly Unity.PathTracing.Editor.Tests.dll at Library/ScriptAssemblies/Unity.PathTracing.Editor.Tests.dll not valid. Loading of assembly skipped.
Assembly Unity.PathTracing.Runtime.Tests.dll at Library/ScriptAssemblies/Unity.PathTracing.Runtime.Tests.dll not valid. Loading of assembly skipped.
Assembly Unity.RenderPipelines.Core.Editor.Tests.dll at Library/ScriptAssemblies/Unity.RenderPipelines.Core.Editor.Tests.dll not valid. Loading of assembly skipped.
Assembly Unity.RenderPipelines.Core.Runtime.Tests.dll at Library/ScriptAssemblies/Unity.RenderPipelines.Core.Runtime.Tests.dll not valid. Loading of assembly skipped.
Assembly Unity.RenderPipelines.Universal.Config.Editor.Tests.dll at Library/ScriptAssemblies/Unity.RenderPipelines.Universal.Config.Editor.Tests.dll not valid. Loading of assembly skipped.
Assembly Unity.RenderPipelines.Universal.Editor.Tests.dll at Library/ScriptAssemblies/Unity.RenderPipelines.Universal.Editor.Tests.dll not valid. Loading of assembly skipped.
Assembly Unity.RenderPipelines.Universal.Runtime.Tests.dll at Library/ScriptAssemblies/Unity.RenderPipelines.Universal.Runtime.Tests.dll not valid. Loading of assembly skipped.
Assembly Unity.Searcher.EditorTests.dll at Library/ScriptAssemblies/Unity.Searcher.EditorTests.dll not valid. Loading of assembly skipped.
Assembly Unity.Settings.Tests.dll at Library/ScriptAssemblies/Unity.Settings.Tests.dll not valid. Loading of assembly skipped.
Assembly Unity.ShaderGraph.Editor.Tests.dll at Library/ScriptAssemblies/Unity.ShaderGraph.Editor.Tests.dll not valid. Loading of assembly skipped.
Assembly Unity.TextMeshPro.Editor.Tests.dll at Library/ScriptAssemblies/Unity.TextMeshPro.Editor.Tests.dll not valid. Loading of assembly skipped.
Assembly Unity.TextMeshPro.Tests.dll at Library/ScriptAssemblies/Unity.TextMeshPro.Tests.dll not valid. Loading of assembly skipped.
Assembly Unity.UnifiedRayTracing.Editor.Tests.dll at Library/ScriptAssemblies/Unity.UnifiedRayTracing.Editor.Tests.dll not valid. Loading of assembly skipped.
Assembly UnityEditor.UI.Common.Tests.dll at Library/ScriptAssemblies/UnityEditor.UI.Common.Tests.dll not valid. Loading of assembly skipped.
Assembly UnityEditor.UI.EditorTests.dll at Library/ScriptAssemblies/UnityEditor.UI.EditorTests.dll not valid. Loading of assembly skipped.
Assembly UnityEngine.UI.Tests.dll at Library/ScriptAssemblies/UnityEngine.UI.Tests.dll not valid. Loading of assembly skipped.
Native extension for iOS target not found
Native extension for Android target not found
Native extension for WindowsStandalone target not found
Native extension for WebGL target not found
[Package Manager] Failed to launch server process. Reason: Unity was launched with the -noUpm command-line argument
[Package Manager] Unable to send message (not connected to server process).
[Package Manager] Cannot connect to Unity Package Manager local server
FSR: Shader does not exist: Object reference not set to an instance of an object
UnityEngine.Debug:ExtractStackTraceNoAlloc (byte*,int,string)
UnityEngine.StackTraceUtility:ExtractStackTrace ()
UnityEngine.DebugLogHandler:Internal_Log (UnityEngine.LogType,UnityEngine.LogOption,string,UnityEngine.Object)
UnityEngine.DebugLogHandler:LogFormat (UnityEngine.LogType,UnityEngine.Object,string,object[])
UnityEngine.Logger:Log (UnityEngine.LogType,object)
ImmersiveVrToolsCommon.Runtime.Logging.LoggerScoped:LogInternal (UnityEngine.LogType,object)
ImmersiveVrToolsCommon.Runtime.Logging.LoggerScoped:LogWarning (object)
FastScriptReload.Editor.FastScriptReloadPreference:SetCommonMaterialsShader (FastScriptReload.Editor.FastScriptReloadPreference/ShadersMode) (at Assets/FastScriptReload/Scripts/Editor/FastScriptReloadWelcomeScreen.cs:863)
FastScriptReload.Editor.FastScriptReloadWelcomeScreenInitializer:AutoDetectAndSetShaderMode () (at Assets/FastScriptReload/Scripts/Editor/FastScriptReloadWelcomeScreen.cs:1089)
FastScriptReload.Editor.FastScriptReloadWelcomeScreenInitializer:InitCommon () (at Assets/FastScriptReload/Scripts/Editor/FastScriptReloadWelcomeScreen.cs:971)
FastScriptReload.Editor.FastScriptReloadWelcomeScreenInitializer:.cctor () (at Assets/FastScriptReload/Scripts/Editor/FastScriptReloadWelcomeScreen.cs:939)
System.Runtime.CompilerServices.RuntimeHelpers:RunClassConstructor (System.RuntimeTypeHandle)
UnityEditor.EditorAssemblies:ProcessInitializeOnLoadAttributes (System.Type[])

(Filename: Assets/FastScriptReload/Scripts/Editor/FastScriptReloadWelcomeScreen.cs Line: 863)

[Package Manager] Failed to launch server process. Reason: Unity was launched with the -noUpm command-line argument
[Package Manager] Unable to send message (not connected to server process).
[Package Manager] Cannot connect to Unity Package Manager local server
[MODES] ModeService[none].Initialize
[MODES] ModeService[none].LoadModes
[MODES] Loading mode Default (0) for mode-current-id-Horror3
ScheduleIndexationOnStartup MainProcess:False IndexOnStartup:True
Mono: successfully reloaded assembly
- Finished resetting the current domain, in  2.842 seconds
Domain Reload Profiling: 4240ms
	BeginReloadAssembly (258ms)
		DisableScriptedObjects (8ms)
		CreateAndSetChildDomain (49ms)
	RebuildCommonClasses (61ms)
	RebuildNativeTypeToScriptingClass (18ms)
	initialDomainReloadingComplete (121ms)
	LoadAllAssembliesAndSetupDomain (939ms)
		LoadAssemblies (509ms)
		AnalyzeDomain (552ms)
			TypeCache.Refresh (426ms)
				TypeCache.ScanAssembly (397ms)
			BuildScriptInfoCaches (106ms)
			ResolveRequiredComponents (18ms)
	FinalizeReload (2843ms)
		SetupLoadedEditorAssemblies (0ms)
			InitializePlatformSupportModulesInManaged (18ms)
			BeforeProcessingInitializeOnLoad (210ms)
			ProcessInitializeOnLoadAttributes (2081ms)
			ProcessInitializeOnLoadMethodAttributes (181ms)
			AfterProcessingInitializeOnLoad (3ms)
		AwakeInstancesAfterBackupRestoration (8ms)
Launched and connected shader compiler UnityShaderCompiler.exe after 0.05 seconds
Unloading 25 Unused Serialized files (Serialized files now loaded: 0)
Unloading 6875 unused Assets / (6.7 MB). Loaded Objects now: 7764.
Memory consumption went from 160.5 MB to 153.7 MB.
Total: 16.856300 ms (FindLiveObjects: 1.103100 ms CreateObjectMapping: 1.508200 ms MarkObjects: 8.461800 ms  DeleteObjects: 5.780400 ms)

========================================================================
Received Import Request.
  Time since last request: 3213.249903 seconds.
  path: Assets/Scene/SampleScene.unity
  importAddress: Guid(99c9720ab356a0642a771bea13969a05) Importer(2089858483,b0f066a214c2f5e87bad3c948f4d605d)
Start importing Assets/Scene/SampleScene.unity using Guid(99c9720ab356a0642a771bea13969a05) Importer(2089858483,b0f066a214c2f5e87bad3c948f4d605d) (ScriptedImporter) -> (Import Result ID: 'e8268056c5b708c1bdabc51f39026816') in 0.1261859 seconds [static and dynamic dependencies]. Details - ImportResultOutputID=b1d1e02da273a31acd92b0eb6865720a DependenciesID=772927ae6d18f379a74ba6ee14afa105 StaticDependenciesID=f62fd52df0ed1ab1b9adfb3f87cd70ed 
Number of updated asset objects reloaded before import = 0Number of asset objects unloaded after import = 1

========================================================================
Received Prepare
Unloading 25 Unused Serialized files (Serialized files now loaded: 0)
Unloading 25 unused Assets / (2.7 MB). Loaded Objects now: 7766.
Memory consumption went from 159.1 MB to 156.4 MB.
Total: 13.968500 ms (FindLiveObjects: 1.184400 ms CreateObjectMapping: 0.462500 ms MarkObjects: 11.156400 ms  DeleteObjects: 1.163500 ms)

Prepare: number of updated asset objects reloaded= 1
========================================================================
Received Import Request.
  Time since last request: 1021.595530 seconds.
  path: Assets/Scene/SampleScene.unity
  importAddress: Guid(99c9720ab356a0642a771bea13969a05) Importer(2089858483,b0f066a214c2f5e87bad3c948f4d605d)
Start importing Assets/Scene/SampleScene.unity using Guid(99c9720ab356a0642a771bea13969a05) Importer(2089858483,b0f066a214c2f5e87bad3c948f4d605d) (ScriptedImporter) -> (Import Result ID: 'b4cd2185e5681bcad241a4d4a5ec0bd9') in 0.025188 seconds [static and dynamic dependencies]. Details - ImportResultOutputID=43633f4ea9bacc46e45256220707f582 DependenciesID=732d8c4b1f472060c4c1f6c0f0131bd5 StaticDependenciesID=01a88792a5c11362caed8f09a73ceb59 
Number of updated asset objects reloaded before import = 0Number of asset objects unloaded after import = 1

========================================================================
Received Import Request.
  Time since last request: 791.684728 seconds.
  path: Assets/Scene/SampleScene.unity
  importAddress: Guid(99c9720ab356a0642a771bea13969a05) Importer(2089858483,b0f066a214c2f5e87bad3c948f4d605d)
Start importing Assets/Scene/SampleScene.unity using Guid(99c9720ab356a0642a771bea13969a05) Importer(2089858483,b0f066a214c2f5e87bad3c948f4d605d) (ScriptedImporter) -> (Import Result ID: '5e7e3912b8973795a01ef4d70b78b62b') in 0.0214827 seconds [static and dynamic dependencies]. Details - ImportResultOutputID=6373e72b151f784eea116cfd21ca20a0 DependenciesID=41e6141f187e68e0b79f7964f09b09e1 StaticDependenciesID=8bb968a12fdf24d1cc617da009ebd205 
Number of updated asset objects reloaded before import = 0Number of asset objects unloaded after import = 1

========================================================================
Received Import Request.
  Time since last request: 41.955483 seconds.
  path: Assets/Models/FnafFurniture.fbx
  importAddress: Guid(66a82b37916c7c04f9a7a6384aa4b453) Importer(815301076,1909f56bfc062723c751e8b465ee728b)
Start importing Assets/Models/FnafFurniture.fbx using Guid(66a82b37916c7c04f9a7a6384aa4b453) Importer(815301076,1909f56bfc062723c751e8b465ee728b) (PreviewImporter) -> (Import Result ID: '07534b58929af62ccbd034f632af1285') in 5.8862746 seconds [static and dynamic dependencies]. Details - ImportResultOutputID=f53e78df945137cff203fbf83adba4ea DependenciesID=558a56c081bb595d07b56478cab86602 StaticDependenciesID=951bf004c72310b9816c9dbf72390c83 
Number of updated asset objects reloaded before import = 0Number of asset objects unloaded after import = 37

========================================================================
Received Import Request.
  Time since last request: 193.667896 seconds.
  path: Assets/Scene/SampleScene.unity
  importAddress: Guid(99c9720ab356a0642a771bea13969a05) Importer(2089858483,b0f066a214c2f5e87bad3c948f4d605d)
Start importing Assets/Scene/SampleScene.unity using Guid(99c9720ab356a0642a771bea13969a05) Importer(2089858483,b0f066a214c2f5e87bad3c948f4d605d) (ScriptedImporter) -> (Import Result ID: '99c3b3d2fa06a84ce9a03ab259a48958') in 0.0219435 seconds [static and dynamic dependencies]. Details - ImportResultOutputID=1c869252b4b87d3374262cbb99c5d2f5 DependenciesID=de04466b2c413b37b71b95ac4fd443ad StaticDependenciesID=abee74816ffea2af38b82d50fc9682cf 
Number of updated asset objects reloaded before import = 0Number of asset objects unloaded after import = 1

========================================================================
Received Import Request.
  Time since last request: 738.492634 seconds.
  path: Assets/Scene/SampleScene.unity
  importAddress: Guid(99c9720ab356a0642a771bea13969a05) Importer(2089858483,b0f066a214c2f5e87bad3c948f4d605d)
Start importing Assets/Scene/SampleScene.unity using Guid(99c9720ab356a0642a771bea13969a05) Importer(2089858483,b0f066a214c2f5e87bad3c948f4d605d) (ScriptedImporter) -> (Import Result ID: 'a6fd4f6d8c3e13d6924410dc89b9a435') in 0.0318217 seconds [static and dynamic dependencies]. Details - ImportResultOutputID=8ce587ee25d22bf345658374b94bacf7 DependenciesID=605d14e96d51c209cad64fb920f9ccc1 StaticDependenciesID=8384fba2f94ee50c8204a06e46dd392b 
Number of updated asset objects reloaded before import = 0Number of asset objects unloaded after import = 1

========================================================================
Received Import Request.
  Time since last request: 5.109468 seconds.
  path: Assets/mTexture
  importAddress: Guid(7150113ddaaf8a041a5bb1b576f77e4b) Importer(815301076,1909f56bfc062723c751e8b465ee728b)
Start importing Assets/mTexture using Guid(7150113ddaaf8a041a5bb1b576f77e4b) Importer(815301076,1909f56bfc062723c751e8b465ee728b) (PreviewImporter) -> (Import Result ID: '4d2d0d567fd4b8bbd47d8bb7ce789008') in 0.0007398 seconds [static and dynamic dependencies]. Details - ImportResultOutputID=d41995c6a7bdb72a433b1ebef205e83d DependenciesID=608e2b0ede4d9e134de4783c826325e4 StaticDependenciesID=abcc89c48d4754a389aea5ffeef7fea3 
Number of updated asset objects reloaded before import = 0Number of asset objects unloaded after import = 0

========================================================================
Received Import Request.
  Time since last request: 609.469244 seconds.
  path: Assets/Scene/SampleScene.unity
  importAddress: Guid(99c9720ab356a0642a771bea13969a05) Importer(2089858483,b0f066a214c2f5e87bad3c948f4d605d)
Start importing Assets/Scene/SampleScene.unity using Guid(99c9720ab356a0642a771bea13969a05) Importer(2089858483,b0f066a214c2f5e87bad3c948f4d605d) (ScriptedImporter) -> (Import Result ID: '836e0e8620bae293b70fc26f2b531788') in 0.0238717 seconds [static and dynamic dependencies]. Details - ImportResultOutputID=693080bce3db4daba8e4413739f78a78 DependenciesID=e8377f3ee1770631a36b136f7a9688df StaticDependenciesID=569c7fca3a0216dbe50b4975688119fa 
Number of updated asset objects reloaded before import = 0Number of asset objects unloaded after import = 1

========================================================================
Received Import Request.
  Time since last request: 70.741033 seconds.
  path: Assets/mTexture/Textures
  importAddress: Guid(5e7c4d051de617a4887f86073dadf22e) Importer(815301076,1909f56bfc062723c751e8b465ee728b)
Start importing Assets/mTexture/Textures using Guid(5e7c4d051de617a4887f86073dadf22e) Importer(815301076,1909f56bfc062723c751e8b465ee728b) (PreviewImporter) -> (Import Result ID: 'd2d2d34f31ac87b599761c5590321ee1') in 0.0006123 seconds [static and dynamic dependencies]. Details - ImportResultOutputID=b486c2cbe1ba6f00154b9a4e7575f05f DependenciesID=b0214f3f29e2271ea05a89f53fc62c3b StaticDependenciesID=ff71329ccb25ed7cbc26cd64a6f2bd78 
Number of updated asset objects reloaded before import = 0Number of asset objects unloaded after import = 0

========================================================================
Received Import Request.
  Time since last request: 0.880514 seconds.
  path: Assets/mTexture/Textures
  importAddress: Guid(5e7c4d051de617a4887f86073dadf22e) Importer(2089858483,b0f066a214c2f5e87bad3c948f4d605d)
Start importing Assets/mTexture/Textures using Guid(5e7c4d051de617a4887f86073dadf22e) Importer(2089858483,b0f066a214c2f5e87bad3c948f4d605d) (ScriptedImporter) -> (Import Result ID: '6ac8cc7ffe96dffa390ea04d96869c81') in 0.0137578 seconds [static and dynamic dependencies]. Details - ImportResultOutputID=11ee3b50de29035671c943adacb55629 DependenciesID=1917ebcac849f34db2e68e54d76940b0 StaticDependenciesID=878276712d921a4b6265b38c218ba8dc 
Number of updated asset objects reloaded before import = 0Number of asset objects unloaded after import = 1

========================================================================
Received Import Request.
  Time since last request: 73.193091 seconds.
  path: Assets/mTexture/Textures/floor_bricks_02_diff_4k.jpg
  importAddress: Guid(5d9fa7dddfd4235498efac9d42cb6e40) Importer(815301076,1909f56bfc062723c751e8b465ee728b)
Start importing Assets/mTexture/Textures/floor_bricks_02_diff_4k.jpg using Guid(5d9fa7dddfd4235498efac9d42cb6e40) Importer(815301076,1909f56bfc062723c751e8b465ee728b) (PreviewImporter)[Licensing::Client] Successfully resolved entitlement details
[Licensing::Client] Successfully resolved entitlement details
 -> (Import Result ID: 'cd785a4444e0fe2b4396e80e37c5335c') in 0.1430091 seconds [static and dynamic dependencies]. Details - ImportResultOutputID=8280ea211e3a6d608684c051256063e3 DependenciesID=ac4368c1cc66ac0fc868c1f17edce948 StaticDependenciesID=0c160e2aa8301dc23453eccba2538727 
Number of updated asset objects reloaded before import = 0Number of asset objects unloaded after import = 2

========================================================================
Received Import Request.
  Time since last request: 0.000041 seconds.
  path: Assets/mTexture/Textures/worn_tile_floor_diff_4k.jpg
  importAddress: Guid(a37fca18faef1b64da7dc85bcb401de4) Importer(815301076,1909f56bfc062723c751e8b465ee728b)
Start importing Assets/mTexture/Textures/worn_tile_floor_diff_4k.jpg using Guid(a37fca18faef1b64da7dc85bcb401de4) Importer(815301076,1909f56bfc062723c751e8b465ee728b) (PreviewImporter) -> (Import Result ID: '6f66b1165dbaecfb3ea31db6ab527498') in 0.0221721 seconds [static and dynamic dependencies]. Details - ImportResultOutputID=dfb0f470245aa3b29b41f6c1ec20f63b DependenciesID=1ad3393e9205cea934a755c2fb179b92 StaticDependenciesID=57a3013323b35df70800056d2e032255 
Number of updated asset objects reloaded before import = 0Number of asset objects unloaded after import = 2

========================================================================
Received Import Request.
  Time since last request: 0.590423 seconds.
  path: Assets/mTexture/Textures/weathered_brown_planks_diff_4k.jpg
  importAddress: Guid(5610242106a33d942916f80c665f9345) Importer(2089858483,b0f066a214c2f5e87bad3c948f4d605d)
Start importing Assets/mTexture/Textures/weathered_brown_planks_diff_4k.jpg using Guid(5610242106a33d942916f80c665f9345) Importer(2089858483,b0f066a214c2f5e87bad3c948f4d605d) (ScriptedImporter) -> (Import Result ID: 'c98964293856ca0abd70610c436d8ad9') in 0.0818196 seconds [static and dynamic dependencies]. Details - ImportResultOutputID=b3a641e914bce19e83d165f2c63179b0 DependenciesID=cf7ae60897904594c31ee429deb1cfc1 StaticDependenciesID=9de9a41f5a409fd5c8dac2b4c6dc372c 
Number of updated asset objects reloaded before import = 0Number of asset objects unloaded after import = 1

========================================================================
Received Import Request.
  Time since last request: 0.000063 seconds.
  path: Assets/mTexture/Textures/wood_table_worn_diff_4k.jpg
  importAddress: Guid(f1ed6044f8d2f004b98264c0cb0ee59c) Importer(2089858483,b0f066a214c2f5e87bad3c948f4d605d)
Start importing Assets/mTexture/Textures/wood_table_worn_diff_4k.jpg using Guid(f1ed6044f8d2f004b98264c0cb0ee59c) Importer(2089858483,b0f066a214c2f5e87bad3c948f4d605d) (ScriptedImporter) -> (Import Result ID: '150019b42c350a02c6b90c6dfedc93fc') in 0.0263397 seconds [static and dynamic dependencies]. Details - ImportResultOutputID=c9b0441b614092b1e16dbe6ec7114b60 DependenciesID=bf70357758cd3cd5a602b2aace8ecaa6 StaticDependenciesID=18670d10ebcfef0992d9bb7668917ab6 
Number of updated asset objects reloaded before import = 0Number of asset objects unloaded after import = 1

========================================================================
Received Import Request.
  Time since last request: 12.746911 seconds.
  path: Assets/mTexture/Materials
  importAddress: Guid(426cbdef0325da74688d8086c414bf14) Importer(2089858483,b0f066a214c2f5e87bad3c948f4d605d)
Start importing Assets/mTexture/Materials using Guid(426cbdef0325da74688d8086c414bf14) Importer(2089858483,b0f066a214c2f5e87bad3c948f4d605d) (ScriptedImporter) -> (Import Result ID: '9cf79a552a54c843667366e7950a94b3') in 0.0183878 seconds [static and dynamic dependencies]. Details - ImportResultOutputID=a9997ea202fac22893f9c6ff7ec04da1 DependenciesID=8853618391bb460330c4ae4a9aa6e220 StaticDependenciesID=6b74d4d851923f280cba2f9fe75b9159 
Number of updated asset objects reloaded before import = 0Number of asset objects unloaded after import = 1

========================================================================
Received Import Request.
  Time since last request: 12.964083 seconds.
  path: Assets/mTexture/Materials/weathered_brown_planks_diff_4k.mat
  importAddress: Guid(7408901aa9877c84dad760268fbb74e9) Importer(815301076,1909f56bfc062723c751e8b465ee728b)
Start importing Assets/mTexture/Materials/weathered_brown_planks_diff_4k.mat using Guid(7408901aa9877c84dad760268fbb74e9) Importer(815301076,1909f56bfc062723c751e8b465ee728b) (PreviewImporter) -> (Import Result ID: '25157f1df1a72a7abd03e89269932cd3') in 4.5486159 seconds [static and dynamic dependencies]. Details - ImportResultOutputID=1d50df0f092cbeabdb0678cc46d6cda8 DependenciesID=3abe685c8d5ee9091a6d65d5598709d9 StaticDependenciesID=e270565a19a85eb3b9ec40c9b565615d 
Number of updated asset objects reloaded before import = 0Number of asset objects unloaded after import = 7

========================================================================
Received Import Request.
  Time since last request: 69.798692 seconds.
  path: Assets/mTexture/Materials
  importAddress: Guid(426cbdef0325da74688d8086c414bf14) Importer(815301076,1909f56bfc062723c751e8b465ee728b)
Start importing Assets/mTexture/Materials using Guid(426cbdef0325da74688d8086c414bf14) Importer(815301076,1909f56bfc062723c751e8b465ee728b) (PreviewImporter) -> (Import Result ID: '639cd9f10a441b3a9d0cf11338b0882a') in 0.0010077 seconds [static and dynamic dependencies]. Details - ImportResultOutputID=9398c869cb8060d24a0ca002ba31d932 DependenciesID=9f5aa8ec9f3a0cc58ae9658d6a008a39 StaticDependenciesID=a8e4e31cb1df459cf37a4020fb5949d1 
Number of updated asset objects reloaded before import = 0Number of asset objects unloaded after import = 0

========================================================================
Received Import Request.
  Time since last request: 15.671567 seconds.
  path: Assets/mTexture/Materials/New Shader Graph.shadergraph
  importAddress: Guid(96c1ba9fae033534ab65835014ba1190) Importer(2089858483,b0f066a214c2f5e87bad3c948f4d605d)
Start importing Assets/mTexture/Materials/New Shader Graph.shadergraph using Guid(96c1ba9fae033534ab65835014ba1190) Importer(2089858483,b0f066a214c2f5e87bad3c948f4d605d) (ScriptedImporter) -> (Import Result ID: 'ad244eaf91f9c506d3b7fb94f52a4e85') in 0.4111374 seconds [static and dynamic dependencies]. Details - ImportResultOutputID=bd113421414c1e7a66b3e01ffe0ca56f DependenciesID=f201b6d034f60e60eab9d1266e1c60ce StaticDependenciesID=268c0957612cb8e8146944025ba11499 
Number of updated asset objects reloaded before import = 0Number of asset objects unloaded after import = 5

========================================================================
Received Import Request.
  Time since last request: 0.372581 seconds.
  path: Assets/mTexture/Materials/New Shader Graph.shadergraph
  importAddress: Guid(96c1ba9fae033534ab65835014ba1190) Importer(815301076,1909f56bfc062723c751e8b465ee728b)
Start importing Assets/mTexture/Materials/New Shader Graph.shadergraph using Guid(96c1ba9fae033534ab65835014ba1190) Importer(815301076,1909f56bfc062723c751e8b465ee728b) (PreviewImporter) -> (Import Result ID: 'c6c5560916bec7e011ee50136636641b') in 5.1294119 seconds [static and dynamic dependencies]. Details - ImportResultOutputID=e9a1086cb36f41bba4be8982447ed06f DependenciesID=0432a4bda87247e5c1627b5b6cf0c28f StaticDependenciesID=4431600e39e03c8acf0a4e5ed7e452eb 
Number of updated asset objects reloaded before import = 0Number of asset objects unloaded after import = 5

========================================================================
Received Import Request.
  Time since last request: 53.526793 seconds.
  path: Assets/mTexture/Textures/wood_planks_grey_diff_4k.jpg
  importAddress: Guid(f16f69b1c3e058247b6e9fde5d8a0fa1) Importer(815301076,1909f56bfc062723c751e8b465ee728b)
Start importing Assets/mTexture/Textures/wood_planks_grey_diff_4k.jpg using Guid(f16f69b1c3e058247b6e9fde5d8a0fa1) Importer(815301076,1909f56bfc062723c751e8b465ee728b) (PreviewImporter) -> (Import Result ID: 'cc35f33a71517efc96b8e5525f288a31') in 0.0236219 seconds [static and dynamic dependencies]. Details - ImportResultOutputID=f8a88e3e764f27fc643135c7721396d7 DependenciesID=b00e41aee6be49d335c8710356172169 StaticDependenciesID=03a4faf174dc815eadb18195c4ce0132 
Number of updated asset objects reloaded before import = 0Number of asset objects unloaded after import = 2

========================================================================
Received Import Request.
  Time since last request: 0.467353 seconds.
  path: Assets/mTexture/Textures/wood_planks_grey_diff_4k.jpg
  importAddress: Guid(f16f69b1c3e058247b6e9fde5d8a0fa1) Importer(2089858483,b0f066a214c2f5e87bad3c948f4d605d)
Start importing Assets/mTexture/Textures/wood_planks_grey_diff_4k.jpg using Guid(f16f69b1c3e058247b6e9fde5d8a0fa1) Importer(2089858483,b0f066a214c2f5e87bad3c948f4d605d) (ScriptedImporter) -> (Import Result ID: 'c2d991c05bfe40be6ca8da4e82c84780') in 0.0194585 seconds [static and dynamic dependencies]. Details - ImportResultOutputID=45fbcf1f31f91e4804a52d3b4c62e853 DependenciesID=7dbad297dfcb889be83f9bce349d093f StaticDependenciesID=23a09e36c54ca27c5f9e8354f3e30772 
Number of updated asset objects reloaded before import = 0Number of asset objects unloaded after import = 1

========================================================================
Received Import Request.
  Time since last request: 4.260162 seconds.
  path: Assets/mTexture/Textures/New Material.mat
  importAddress: Guid(758a37265487e6e4d8d9ac5f9d5fb20d) Importer(815301076,1909f56bfc062723c751e8b465ee728b)
Start importing Assets/mTexture/Textures/New Material.mat using Guid(758a37265487e6e4d8d9ac5f9d5fb20d) Importer(815301076,1909f56bfc062723c751e8b465ee728b) (PreviewImporter) -> (Import Result ID: 'ce95b79b3109ddb8a4bc53e7bfb62f79') in 0.0335969 seconds [static and dynamic dependencies]. Details - ImportResultOutputID=7e0a2c54bc25fcfb63f356bd719fc0aa DependenciesID=03260be015ca57f30b76b977aaafd66c StaticDependenciesID=1e85b007535b043592a811c8efbe50a3 
Number of updated asset objects reloaded before import = 0Number of asset objects unloaded after import = 1

========================================================================
Received Import Request.
  Time since last request: 0.850865 seconds.
  path: Assets/mTexture/Textures/New Material 1.mat
  importAddress: Guid(97ebfdb04ad07e942bd9437eb9df5786) Importer(815301076,1909f56bfc062723c751e8b465ee728b)
Start importing Assets/mTexture/Textures/New Material 1.mat using Guid(97ebfdb04ad07e942bd9437eb9df5786) Importer(815301076,1909f56bfc062723c751e8b465ee728b) (PreviewImporter) -> (Import Result ID: '9f447b6cb4a37c96b2536c4f7a80c7d3') in 0.0210778 seconds [static and dynamic dependencies]. Details - ImportResultOutputID=22d7d346588e0efa097d03f3add75715 DependenciesID=83b4948e5ba6416dc78ad5fc59487774 StaticDependenciesID=ea5f0c511120dd88d7e8984ee80f1b7e 
Number of updated asset objects reloaded before import = 0Number of asset objects unloaded after import = 1

========================================================================
Received Import Request.
  Time since last request: 0.140659 seconds.
  path: Assets/mTexture/Textures/New Material 2.mat
  importAddress: Guid(5f2cb94c9fdb5ff408dda7727bfcb2c7) Importer(815301076,1909f56bfc062723c751e8b465ee728b)
Start importing Assets/mTexture/Textures/New Material 2.mat using Guid(5f2cb94c9fdb5ff408dda7727bfcb2c7) Importer(815301076,1909f56bfc062723c751e8b465ee728b) (PreviewImporter) -> (Import Result ID: '3698c17ac37a9e2c1c8d6326d0cd5212') in 0.0204292 seconds [static and dynamic dependencies]. Details - ImportResultOutputID=5d0ae8487588781a7253a8e632ff935b DependenciesID=ae1395e34a9ba955695b01a2378b93b8 StaticDependenciesID=bbb541384fa1770b28ee8dfb76cec188 
Number of updated asset objects reloaded before import = 0Number of asset objects unloaded after import = 1

========================================================================
Received Import Request.
  Time since last request: 0.137283 seconds.
  path: Assets/mTexture/Textures/New Material 3.mat
  importAddress: Guid(ad6593d9eb3e8eb47b0fd5a0ba3c02c2) Importer(815301076,1909f56bfc062723c751e8b465ee728b)
Start importing Assets/mTexture/Textures/New Material 3.mat using Guid(ad6593d9eb3e8eb47b0fd5a0ba3c02c2) Importer(815301076,1909f56bfc062723c751e8b465ee728b) (PreviewImporter) -> (Import Result ID: '88eb694368c706ba1a093cf70d1eb12e') in 0.0219609 seconds [static and dynamic dependencies]. Details - ImportResultOutputID=e7914861253515acd8e30941b0535032 DependenciesID=9f64b3342832f8a2405761370d7e36d0 StaticDependenciesID=455082f5819f5e45190eb71f61bc2a51 
Number of updated asset objects reloaded before import = 0Number of asset objects unloaded after import = 1

========================================================================
Received Import Request.
  Time since last request: 0.113003 seconds.
  path: Assets/mTexture/Textures/New Material 4.mat
  importAddress: Guid(177a5a0016aaff445951d6870b3bbf1e) Importer(815301076,1909f56bfc062723c751e8b465ee728b)
Start importing Assets/mTexture/Textures/New Material 4.mat using Guid(177a5a0016aaff445951d6870b3bbf1e) Importer(815301076,1909f56bfc062723c751e8b465ee728b) (PreviewImporter) -> (Import Result ID: '7cc5f0eb4fbb42c9f39f3cacd37160d3') in 0.02171 seconds [static and dynamic dependencies]. Details - ImportResultOutputID=2ebff8409a8b7ab5c4995354e58cf6b6 DependenciesID=6e71d016198ab55af26485c97acde942 StaticDependenciesID=d329e2a64e097641fd0ad63cb44d5d78 
Number of updated asset objects reloaded before import = 0Number of asset objects unloaded after import = 1

========================================================================
Received Import Request.
  Time since last request: 0.882081 seconds.
  path: Assets/mTexture/Textures/New Material.mat
  importAddress: Guid(758a37265487e6e4d8d9ac5f9d5fb20d) Importer(2089858483,b0f066a214c2f5e87bad3c948f4d605d)
Start importing Assets/mTexture/Textures/New Material.mat using Guid(758a37265487e6e4d8d9ac5f9d5fb20d) Importer(2089858483,b0f066a214c2f5e87bad3c948f4d605d) (ScriptedImporter) -> (Import Result ID: '4c601bc3067ba2bf8da729e6053b51c1') in 0.0207297 seconds [static and dynamic dependencies]. Details - ImportResultOutputID=8465ccaaa089a5ac13f4e6161170cb6c DependenciesID=c0d096c4156b1e2c63d02f6e11b404d1 StaticDependenciesID=8f65924fa09ad221517d670e63c56592 
Number of updated asset objects reloaded before import = 0Number of asset objects unloaded after import = 1

========================================================================
Received Import Request.
  Time since last request: 0.000036 seconds.
  path: Assets/mTexture/Textures/New Material 1.mat
  importAddress: Guid(97ebfdb04ad07e942bd9437eb9df5786) Importer(2089858483,b0f066a214c2f5e87bad3c948f4d605d)
Start importing Assets/mTexture/Textures/New Material 1.mat using Guid(97ebfdb04ad07e942bd9437eb9df5786) Importer(2089858483,b0f066a214c2f5e87bad3c948f4d605d) (ScriptedImporter) -> (Import Result ID: '7c478a01e954e7b1f1a343287339406b') in 0.6807267 seconds [static and dynamic dependencies]. Details - ImportResultOutputID=b0d1664e11487d00ffd5fb3f9350e717 DependenciesID=8aff55afc58f9e82b2e953b9ede82783 StaticDependenciesID=24e0bdddc12500860f602c794d1ea25d 
Number of updated asset objects reloaded before import = 0Number of asset objects unloaded after import = 1

========================================================================
Received Import Request.
  Time since last request: 0.000039 seconds.
  path: Assets/mTexture/Textures/New Material 3.mat
  importAddress: Guid(ad6593d9eb3e8eb47b0fd5a0ba3c02c2) Importer(2089858483,b0f066a214c2f5e87bad3c948f4d605d)
Start importing Assets/mTexture/Textures/New Material 3.mat using Guid(ad6593d9eb3e8eb47b0fd5a0ba3c02c2) Importer(2089858483,b0f066a214c2f5e87bad3c948f4d605d) (ScriptedImporter) -> (Import Result ID: '1c5ce0c8ee5ba184f9e382a5effa54de') in 0.0176589 seconds [static and dynamic dependencies]. Details - ImportResultOutputID=d962eca2a5f9500079988cc77d5ae2df DependenciesID=e521d283997d5fbe24a5f8e84d66315e StaticDependenciesID=be54bfad4216da8b67ec38b4ad81c39f 
Number of updated asset objects reloaded before import = 0Number of asset objects unloaded after import = 1

========================================================================
Received Import Request.
  Time since last request: 60.980456 seconds.
  path: Assets/mTexture/Textures/New Material 4.mat
  importAddress: Guid(177a5a0016aaff445951d6870b3bbf1e) Importer(2089858483,b0f066a214c2f5e87bad3c948f4d605d)
Start importing Assets/mTexture/Textures/New Material 4.mat using Guid(177a5a0016aaff445951d6870b3bbf1e) Importer(2089858483,b0f066a214c2f5e87bad3c948f4d605d) (ScriptedImporter) -> (Import Result ID: '8f7f54de25dac84394d977ab2b5664d8') in 0.0192876 seconds [static and dynamic dependencies]. Details - ImportResultOutputID=a69986efb15513b8752e3ec5881f2dc9 DependenciesID=14181c9a1a2b130efeb24f3a593cad56 StaticDependenciesID=ab6cdaf6d7707796f8004bdc1075a341 
Number of updated asset objects reloaded before import = 0Number of asset objects unloaded after import = 2

========================================================================
Received Import Request.
  Time since last request: 0.000046 seconds.
  path: Assets/Scene/SampleScene.unity
  importAddress: Guid(99c9720ab356a0642a771bea13969a05) Importer(2089858483,b0f066a214c2f5e87bad3c948f4d605d)
Start importing Assets/Scene/SampleScene.unity using Guid(99c9720ab356a0642a771bea13969a05) Importer(2089858483,b0f066a214c2f5e87bad3c948f4d605d) (ScriptedImporter) -> (Import Result ID: '311cf44ba87bc3932e8de8c19bbe4bcd') in 0.0246889 seconds [static and dynamic dependencies]. Details - ImportResultOutputID=2a8d2a66b9f67bcb6e43c10d7364c4b8 DependenciesID=5f77a8d1ada51e147fcf760c652b85a4 StaticDependenciesID=485e95660274c645a92f4d8c8e26f26f 
Number of updated asset objects reloaded before import = 0Number of asset objects unloaded after import = 1

========================================================================
Received Import Request.
  Time since last request: 0.000038 seconds.
  path: Assets/mTexture/Textures/New Material 4.mat
  importAddress: Guid(177a5a0016aaff445951d6870b3bbf1e) Importer(815301076,1909f56bfc062723c751e8b465ee728b)
Start importing Assets/mTexture/Textures/New Material 4.mat using Guid(177a5a0016aaff445951d6870b3bbf1e) Importer(815301076,1909f56bfc062723c751e8b465ee728b) (PreviewImporter) -> (Import Result ID: 'c3bdff249ec7d4e60003a8625d32c384') in 0.0293634 seconds [static and dynamic dependencies]. Details - ImportResultOutputID=8b290cac662ebca4b802015f3906f875 DependenciesID=360279c566b9409da8be3caed7fec9da StaticDependenciesID=0a7d414816c57c9121e2248a39e83a80 
Number of updated asset objects reloaded before import = 0Number of asset objects unloaded after import = 2

========================================================================
Received Import Request.
  Time since last request: 37.462139 seconds.
  path: Assets/mTexture/Textures/New Material 3.mat
  importAddress: Guid(ad6593d9eb3e8eb47b0fd5a0ba3c02c2) Importer(815301076,1909f56bfc062723c751e8b465ee728b)
Start importing Assets/mTexture/Textures/New Material 3.mat using Guid(ad6593d9eb3e8eb47b0fd5a0ba3c02c2) Importer(815301076,1909f56bfc062723c751e8b465ee728b) (PreviewImporter) -> (Import Result ID: '62da936e0b5ed1f725371ece06dec07d') in 0.0261549 seconds [static and dynamic dependencies]. Details - ImportResultOutputID=0be9fd837bf11d4bd622617e723e90a5 DependenciesID=03f31eda8aa4d59d500e99e2794ddbfb StaticDependenciesID=f80af99850f00e30665e0dfb30015df6 
Number of updated asset objects reloaded before import = 0Number of asset objects unloaded after import = 2

========================================================================
Received Import Request.
  Time since last request: 0.814261 seconds.
  path: Assets/mTexture/Textures/New Material 3.mat
  importAddress: Guid(ad6593d9eb3e8eb47b0fd5a0ba3c02c2) Importer(2089858483,b0f066a214c2f5e87bad3c948f4d605d)
Start importing Assets/mTexture/Textures/New Material 3.mat using Guid(ad6593d9eb3e8eb47b0fd5a0ba3c02c2) Importer(2089858483,b0f066a214c2f5e87bad3c948f4d605d) (ScriptedImporter) -> (Import Result ID: '6c41008aa80a92425306806241f341ce') in 0.0224709 seconds [static and dynamic dependencies]. Details - ImportResultOutputID=c7b9498d89859506a85cce62c54e4987 DependenciesID=6d470a8540106d3f86f05d44c6ab085d StaticDependenciesID=1b4f64a4e467f16d3ea7e054d0246931 
Number of updated asset objects reloaded before import = 0Number of asset objects unloaded after import = 2

========================================================================
Received Import Request.
  Time since last request: 0.000032 seconds.
  path: Assets/Scene/SampleScene.unity
  importAddress: Guid(99c9720ab356a0642a771bea13969a05) Importer(2089858483,b0f066a214c2f5e87bad3c948f4d605d)
Start importing Assets/Scene/SampleScene.unity using Guid(99c9720ab356a0642a771bea13969a05) Importer(2089858483,b0f066a214c2f5e87bad3c948f4d605d) (ScriptedImporter) -> (Import Result ID: '5a2be00381803cea9a4ceca942fa0d9e') in 0.0604967 seconds [static and dynamic dependencies]. Details - ImportResultOutputID=03b14033c02f7773328628a6ea595bd5 DependenciesID=c75dd765bfefc0bc267be495393acfcf StaticDependenciesID=c8646e3cc3c32a18e8e8865730793a05 
Number of updated asset objects reloaded before import = 0Number of asset objects unloaded after import = 1

========================================================================
Received Import Request.
  Time since last request: 99.925943 seconds.
  path: Assets/mTexture/Textures/New Material 1.mat
  importAddress: Guid(97ebfdb04ad07e942bd9437eb9df5786) Importer(2089858483,b0f066a214c2f5e87bad3c948f4d605d)
Start importing Assets/mTexture/Textures/New Material 1.mat using Guid(97ebfdb04ad07e942bd9437eb9df5786) Importer(2089858483,b0f066a214c2f5e87bad3c948f4d605d) (ScriptedImporter) -> (Import Result ID: '2b1bb457cd16bbb63aaf7b31e9b6d0bc') in 0.0219289 seconds [static and dynamic dependencies]. Details - ImportResultOutputID=6d3d1a97b1e205e38a5f0554e4bb8262 DependenciesID=c99b6c2fbe55e2f82153fc2db808d9c4 StaticDependenciesID=c2066cfe67900a6e486c4028916c9aa1 
Number of updated asset objects reloaded before import = 0Number of asset objects unloaded after import = 2

========================================================================
Received Import Request.
  Time since last request: 0.000053 seconds.
  path: Assets/Scene/SampleScene.unity
  importAddress: Guid(99c9720ab356a0642a771bea13969a05) Importer(2089858483,b0f066a214c2f5e87bad3c948f4d605d)
Start importing Assets/Scene/SampleScene.unity using Guid(99c9720ab356a0642a771bea13969a05) Importer(2089858483,b0f066a214c2f5e87bad3c948f4d605d) (ScriptedImporter) -> (Import Result ID: '434f18e6076ada3ec11952d768b8533c') in 0.0421663 seconds [static and dynamic dependencies]. Details - ImportResultOutputID=bc4b7108ee6187ec214b50097f5e61bb DependenciesID=532003ac0983151498ffae3c0d405768 StaticDependenciesID=db4ecb1067470b6c279e14d5cccb9785 
Number of updated asset objects reloaded before import = 0Number of asset objects unloaded after import = 1

========================================================================
Received Import Request.
  Time since last request: 25.084277 seconds.
  path: Assets/mTexture/Textures/wood_table_worn_nor_gl_4k.exr
  importAddress: Guid(27c90b8b22c234746b8e94bb515b8311) Importer(815301076,1909f56bfc062723c751e8b465ee728b)
Start importing Assets/mTexture/Textures/wood_table_worn_nor_gl_4k.exr using Guid(27c90b8b22c234746b8e94bb515b8311) Importer(815301076,1909f56bfc062723c751e8b465ee728b) (PreviewImporter) -> (Import Result ID: 'd6c08d9f4dbe1203874cb39e7ebfa190') in 0.0569287 seconds [static and dynamic dependencies]. Details - ImportResultOutputID=749738b1d7cc8518158c40b1cde02a4f DependenciesID=7f0c9c5f000290185768ad5bbbc9476f StaticDependenciesID=699b44e5693bd6120cbc51ba7a6b234e 
Number of updated asset objects reloaded before import = 0Number of asset objects unloaded after import = 2

========================================================================
Received Import Request.
  Time since last request: 0.942810 seconds.
  path: Assets/mTexture/Textures/wood_table_worn_nor_gl_4k.exr
  importAddress: Guid(27c90b8b22c234746b8e94bb515b8311) Importer(2089858483,b0f066a214c2f5e87bad3c948f4d605d)
Start importing Assets/mTexture/Textures/wood_table_worn_nor_gl_4k.exr using Guid(27c90b8b22c234746b8e94bb515b8311) Importer(2089858483,b0f066a214c2f5e87bad3c948f4d605d) (ScriptedImporter) -> (Import Result ID: '0f59b5c29b8d006a2c072762125738d5') in 0.0180839 seconds [static and dynamic dependencies]. Details - ImportResultOutputID=6d1f938d4ac9d2074602f60f8407b98c DependenciesID=b1dbeef64f269b9a2690f859f8487ad7 StaticDependenciesID=53829de518983ed53852215d7a0c1b1d 
Number of updated asset objects reloaded before import = 0Number of asset objects unloaded after import = 1

========================================================================
Received Import Request.
  Time since last request: 206.728709 seconds.
  path: Assets/mTexture/Textures/New Material 4.mat
  importAddress: Guid(177a5a0016aaff445951d6870b3bbf1e) Importer(815301076,1909f56bfc062723c751e8b465ee728b)
Start importing Assets/mTexture/Textures/New Material 4.mat using Guid(177a5a0016aaff445951d6870b3bbf1e) Importer(815301076,1909f56bfc062723c751e8b465ee728b) (PreviewImporter) -> (Import Result ID: '9ad4f0771b0841a1038bfbd4948275c1') in 0.3305772 seconds [static and dynamic dependencies]. Details - ImportResultOutputID=195b6ca973259ceda9936481029b27ac DependenciesID=db5cd2ce1dcc4b2167f04ac0bcfa898f StaticDependenciesID=7246522f66cbd5665f7d613d55e5ffb2 
Number of updated asset objects reloaded before import = 0Number of asset objects unloaded after import = 3

========================================================================
Received Import Request.
  Time since last request: 0.548674 seconds.
  path: Assets/mTexture/Textures/New Material 4.mat
  importAddress: Guid(177a5a0016aaff445951d6870b3bbf1e) Importer(2089858483,b0f066a214c2f5e87bad3c948f4d605d)
Start importing Assets/mTexture/Textures/New Material 4.mat using Guid(177a5a0016aaff445951d6870b3bbf1e) Importer(2089858483,b0f066a214c2f5e87bad3c948f4d605d) (ScriptedImporter) -> (Import Result ID: 'fd440cdfad490a625c6ec6eda7b39fe5') in 0.0359351 seconds [static and dynamic dependencies]. Details - ImportResultOutputID=fcedc6fa6b11d003b58024671447d0f0 DependenciesID=ce1a143faf0bb9671ed2ec05f4d1ebd6 StaticDependenciesID=8e93871ee7939740c7a85650c84afdd8 
Number of updated asset objects reloaded before import = 0Number of asset objects unloaded after import = 3

========================================================================
Received Import Request.
  Time since last request: 0.000037 seconds.
  path: Assets/Scene/SampleScene.unity
  importAddress: Guid(99c9720ab356a0642a771bea13969a05) Importer(2089858483,b0f066a214c2f5e87bad3c948f4d605d)
Start importing Assets/Scene/SampleScene.unity using Guid(99c9720ab356a0642a771bea13969a05) Importer(2089858483,b0f066a214c2f5e87bad3c948f4d605d) (ScriptedImporter) -> (Import Result ID: 'fc85a4413e8bbca0ae26e81b856b3911') in 0.0474481 seconds [static and dynamic dependencies]. Details - ImportResultOutputID=5abbd79d43331db3d3d8d46cae9caaef DependenciesID=5032995be558be50c4bce5352a299528 StaticDependenciesID=b3c0125bb265482da2817b28f83e3bd0 
Number of updated asset objects reloaded before import = 0Number of asset objects unloaded after import = 1

========================================================================
Received Import Request.
  Time since last request: 68.843673 seconds.
  path: Assets/mTexture/Textures/New Material 3.mat
  importAddress: Guid(ad6593d9eb3e8eb47b0fd5a0ba3c02c2) Importer(815301076,1909f56bfc062723c751e8b465ee728b)
Start importing Assets/mTexture/Textures/New Material 3.mat using Guid(ad6593d9eb3e8eb47b0fd5a0ba3c02c2) Importer(815301076,1909f56bfc062723c751e8b465ee728b) (PreviewImporter) -> (Import Result ID: 'f165c02cc4ba60d052ae1ed5ba29240c') in 0.1002289 seconds [static and dynamic dependencies]. Details - ImportResultOutputID=9b99ca69b5755aef623279e488c49d19 DependenciesID=50581cc62774c4ce27335d18d6576882 StaticDependenciesID=5173fc1fbb2424f3e39cd631ff46dc10 
Number of updated asset objects reloaded before import = 0Number of asset objects unloaded after import = 3

========================================================================
Received Import Request.
  Time since last request: 0.798155 seconds.
  path: Assets/mTexture/Textures/New Material 1.mat
  importAddress: Guid(97ebfdb04ad07e942bd9437eb9df5786) Importer(2089858483,b0f066a214c2f5e87bad3c948f4d605d)
Start importing Assets/mTexture/Textures/New Material 1.mat using Guid(97ebfdb04ad07e942bd9437eb9df5786) Importer(2089858483,b0f066a214c2f5e87bad3c948f4d605d) (ScriptedImporter) -> (Import Result ID: '3f021312a22527c06996dee744846ade') in 0.070996 seconds [static and dynamic dependencies]. Details - ImportResultOutputID=59a19b7b1c701267ee278918ebe69348 DependenciesID=e80f7c1e1645b1f9a19d753da7e6f93c StaticDependenciesID=9ca9e690fbc8eef58d988791eb17bdcf 
Number of updated asset objects reloaded before import = 0Number of asset objects unloaded after import = 3

========================================================================
Received Import Request.
  Time since last request: 54.293548 seconds.
  path: Assets/Scene/SampleScene.unity
  importAddress: Guid(99c9720ab356a0642a771bea13969a05) Importer(2089858483,b0f066a214c2f5e87bad3c948f4d605d)
Start importing Assets/Scene/SampleScene.unity using Guid(99c9720ab356a0642a771bea13969a05) Importer(2089858483,b0f066a214c2f5e87bad3c948f4d605d) (ScriptedImporter) -> (Import Result ID: '631aeee3567f1b665ab376fd99bc20b8') in 0.0221226 seconds [static and dynamic dependencies]. Details - ImportResultOutputID=df4ab36fdf2c8678181e1f81390e9d25 DependenciesID=31c86eeae7ae1cf52a387a323f6fc9ee StaticDependenciesID=db39207e2adb7aabd0d281200130e699 
Number of updated asset objects reloaded before import = 0Number of asset objects unloaded after import = 1

========================================================================
Received Import Request.
  Time since last request: 143.739001 seconds.
  path: Assets/Scene/SampleScene.unity
  importAddress: Guid(99c9720ab356a0642a771bea13969a05) Importer(2089858483,b0f066a214c2f5e87bad3c948f4d605d)
Start importing Assets/Scene/SampleScene.unity using Guid(99c9720ab356a0642a771bea13969a05) Importer(2089858483,b0f066a214c2f5e87bad3c948f4d605d) (ScriptedImporter) -> (Import Result ID: 'f4e17466b36fcb72b3f142556949a5e7') in 0.0268897 seconds [static and dynamic dependencies]. Details - ImportResultOutputID=6034229464def01fe8773d2d04985b03 DependenciesID=271b07bfdf56b5a22f8c0bee70d36d39 StaticDependenciesID=edb136f6e58fcd7d49a13e1f9652f8fe 
Number of updated asset objects reloaded before import = 0Number of asset objects unloaded after import = 1

========================================================================
Received Import Request.
  Time since last request: 110.665498 seconds.
  path: Assets/mTexture/Textures/New Material 6.mat
  importAddress: Guid(9a4502aac68de1c41bc15803f015a1a2) Importer(2089858483,b0f066a214c2f5e87bad3c948f4d605d)
Start importing Assets/mTexture/Textures/New Material 6.mat using Guid(9a4502aac68de1c41bc15803f015a1a2) Importer(2089858483,b0f066a214c2f5e87bad3c948f4d605d) (ScriptedImporter) -> (Import Result ID: '2c5f7a54c317249804be40516c4693c2') in 0.0172341 seconds [static and dynamic dependencies]. Details - ImportResultOutputID=179c097efd08bfc182ed1b7e27c92730 DependenciesID=9670ca562f38657b286a8588d9e0cb51 StaticDependenciesID=df1a14cae6ec5645bc004ef1bd67ddfe 
Number of updated asset objects reloaded before import = 0Number of asset objects unloaded after import = 1

========================================================================
Received Import Request.
  Time since last request: 50.073254 seconds.
  path: Assets/Scene/SampleScene.unity
  importAddress: Guid(99c9720ab356a0642a771bea13969a05) Importer(2089858483,b0f066a214c2f5e87bad3c948f4d605d)
Start importing Assets/Scene/SampleScene.unity using Guid(99c9720ab356a0642a771bea13969a05) Importer(2089858483,b0f066a214c2f5e87bad3c948f4d605d) (ScriptedImporter) -> (Import Result ID: 'c96f44e0a7a047cb0d49a3311e6ac5a7') in 0.0379242 seconds [static and dynamic dependencies]. Details - ImportResultOutputID=cc58bd568f6857f1fbc60716b5012429 DependenciesID=f39c95854425efcdef6f14da04325a0d StaticDependenciesID=1742a09d63d13b1e4329db152a5f70df 
Number of updated asset objects reloaded before import = 0Number of asset objects unloaded after import = 1

========================================================================
Received Import Request.
  Time since last request: 52.594564 seconds.
  path: Assets/mTexture/Textures/New Material 7.mat
  importAddress: Guid(f0d35670d2bef8043b7ed6409718bcd1) Importer(815301076,1909f56bfc062723c751e8b465ee728b)
Start importing Assets/mTexture/Textures/New Material 7.mat using Guid(f0d35670d2bef8043b7ed6409718bcd1) Importer(815301076,1909f56bfc062723c751e8b465ee728b) (PreviewImporter) -> (Import Result ID: 'e36d055b1f69423c15c5619abc9dfc73') in 0.0235485 seconds [static and dynamic dependencies]. Details - ImportResultOutputID=7c76a7775b2892e86b1286cdb03ca847 DependenciesID=82dd8ac1a08db10f9060819864f512db StaticDependenciesID=c777b2529fc66a6171ec52c9a4db3ef8 
Number of updated asset objects reloaded before import = 0Number of asset objects unloaded after import = 1

========================================================================
Received Import Request.
  Time since last request: 1.342965 seconds.
  path: Assets/mTexture/Textures/New Material 7.mat
  importAddress: Guid(f0d35670d2bef8043b7ed6409718bcd1) Importer(2089858483,b0f066a214c2f5e87bad3c948f4d605d)
Start importing Assets/mTexture/Textures/New Material 7.mat using Guid(f0d35670d2bef8043b7ed6409718bcd1) Importer(2089858483,b0f066a214c2f5e87bad3c948f4d605d) (ScriptedImporter) -> (Import Result ID: '66397e881d4ebe4db73895ba081e89ed') in 0.0170206 seconds [static and dynamic dependencies]. Details - ImportResultOutputID=a4deb27ca438b6b079cf534f742260a3 DependenciesID=f3c3766c19788b6d06932bf227a6dc13 StaticDependenciesID=681ee09672f67f25d22625b9a17bcfcb 
Number of updated asset objects reloaded before import = 0Number of asset objects unloaded after import = 1

========================================================================
Received Import Request.
  Time since last request: 0.000025 seconds.
  path: Assets/mTexture/Textures/New Material 9.mat
  importAddress: Guid(33f345a8206f12340a4b22f058bae1ab) Importer(2089858483,b0f066a214c2f5e87bad3c948f4d605d)
Start importing Assets/mTexture/Textures/New Material 9.mat using Guid(33f345a8206f12340a4b22f058bae1ab) Importer(2089858483,b0f066a214c2f5e87bad3c948f4d605d) (ScriptedImporter) -> (Import Result ID: 'd16d61ae4026755e017fb5def1d178b0') in 0.042959 seconds [static and dynamic dependencies]. Details - ImportResultOutputID=28f074ebebaa0ecc2875858abd18442c DependenciesID=1524e723772d12caddd76da1c3ba3571 StaticDependenciesID=125897c9bfce4b94bd2874f9f9da45c1 
Number of updated asset objects reloaded before import = 0Number of asset objects unloaded after import = 1

========================================================================
Received Prepare
Begin MonoManager ReloadAssembly
[Licensing::Client] Successfully resolved entitlement details
Duplicate assembly 'System.Collections.Immutable.FSR.dll' with different versions detected, using 'Assets/FastScriptReload/Plugins/Roslyn/2021+/System.Collections.Immutable.FSR.dll, AssemblyName=System.Collections.Immutable, Version=7.0.0.0, Culture=neutral, PublicKeyToken=b03f5f7f11d50a3a' and ignoring 'Assets/FastScriptReload/Plugins/Roslyn/2021+/System.Collections.Immutable.dll, AssemblyName=System.Collections.Immutable, Version=1.2.3.0, Culture=neutral, PublicKeyToken=b03f5f7f11d50a3a'.Assembly Assembly-CSharp-Editor-firstpass.dll at Library/ScriptAssemblies/Assembly-CSharp-Editor-firstpass.dll not valid. Loading of assembly skipped.
Assembly DocCodeExamples.dll at Library/ScriptAssemblies/DocCodeExamples.dll not valid. Loading of assembly skipped.
Assembly FastScriptReload.Tests.Editor.dll at Library/ScriptAssemblies/FastScriptReload.Tests.Editor.dll not valid. Loading of assembly skipped.
Assembly FastScriptReload.Tests.Runtime.dll at Library/ScriptAssemblies/FastScriptReload.Tests.Runtime.dll not valid. Loading of assembly skipped.
Assembly TestNewCustomAssembly.dll at Library/ScriptAssemblies/TestNewCustomAssembly.dll not valid. Loading of assembly skipped.
Assembly Unity.2D.Sprite.Package.EditorTests.dll at Library/ScriptAssemblies/Unity.2D.Sprite.Package.EditorTests.dll not valid. Loading of assembly skipped.
Assembly Unity.Collections.BurstCompatibilityGen.dll at Library/ScriptAssemblies/Unity.Collections.BurstCompatibilityGen.dll not valid. Loading of assembly skipped.
Assembly Unity.Collections.DocCodeSamples.dll at Library/ScriptAssemblies/Unity.Collections.DocCodeSamples.dll not valid. Loading of assembly skipped.
Assembly Unity.Collections.PerformanceTests.dll at Library/ScriptAssemblies/Unity.Collections.PerformanceTests.dll not valid. Loading of assembly skipped.
Assembly Unity.Collections.Tests.dll at Library/ScriptAssemblies/Unity.Collections.Tests.dll not valid. Loading of assembly skipped.
Assembly Unity.Collections.Tests.Playmode.dll at Library/ScriptAssemblies/Unity.Collections.Tests.Playmode.dll not valid. Loading of assembly skipped.
Assembly Unity.InputSystem.IntegrationTests.dll at Library/ScriptAssemblies/Unity.InputSystem.IntegrationTests.dll not valid. Loading of assembly skipped.
Assembly Unity.Mathematics.Tests.dll at Library/ScriptAssemblies/Unity.Mathematics.Tests.dll not valid. Loading of assembly skipped.
Assembly Unity.Multiplayer.Center.Editor.Tests.dll at Library/ScriptAssemblies/Unity.Multiplayer.Center.Editor.Tests.dll not valid. Loading of assembly skipped.
Assembly Unity.Multiplayer.Center.Tests.dll at Library/ScriptAssemblies/Unity.Multiplayer.Center.Tests.dll not valid. Loading of assembly skipped.
Assembly Unity.Nuget.Mono-Cecil.dll at Library/ScriptAssemblies/Unity.Nuget.Mono-Cecil.dll not valid. Loading of assembly skipped.
Assembly Unity.PathTracing.Editor.Tests.dll at Library/ScriptAssemblies/Unity.PathTracing.Editor.Tests.dll not valid. Loading of assembly skipped.
Assembly Unity.PathTracing.Runtime.Tests.dll at Library/ScriptAssemblies/Unity.PathTracing.Runtime.Tests.dll not valid. Loading of assembly skipped.
Assembly Unity.RenderPipelines.Core.Editor.Tests.dll at Library/ScriptAssemblies/Unity.RenderPipelines.Core.Editor.Tests.dll not valid. Loading of assembly skipped.
Assembly Unity.RenderPipelines.Core.Runtime.Tests.dll at Library/ScriptAssemblies/Unity.RenderPipelines.Core.Runtime.Tests.dll not valid. Loading of assembly skipped.
Assembly Unity.RenderPipelines.Universal.Config.Editor.Tests.dll at Library/ScriptAssemblies/Unity.RenderPipelines.Universal.Config.Editor.Tests.dll not valid. Loading of assembly skipped.
Assembly Unity.RenderPipelines.Universal.Editor.Tests.dll at Library/ScriptAssemblies/Unity.RenderPipelines.Universal.Editor.Tests.dll not valid. Loading of assembly skipped.
Assembly Unity.RenderPipelines.Universal.Runtime.Tests.dll at Library/ScriptAssemblies/Unity.RenderPipelines.Universal.Runtime.Tests.dll not valid. Loading of assembly skipped.
Assembly Unity.Searcher.EditorTests.dll at Library/ScriptAssemblies/Unity.Searcher.EditorTests.dll not valid. Loading of assembly skipped.
Assembly Unity.Settings.Tests.dll at Library/ScriptAssemblies/Unity.Settings.Tests.dll not valid. Loading of assembly skipped.
Assembly Unity.ShaderGraph.Editor.Tests.dll at Library/ScriptAssemblies/Unity.ShaderGraph.Editor.Tests.dll not valid. Loading of assembly skipped.
Assembly Unity.TextMeshPro.Editor.Tests.dll at Library/ScriptAssemblies/Unity.TextMeshPro.Editor.Tests.dll not valid. Loading of assembly skipped.
Assembly Unity.TextMeshPro.Tests.dll at Library/ScriptAssemblies/Unity.TextMeshPro.Tests.dll not valid. Loading of assembly skipped.
Assembly Unity.UnifiedRayTracing.Editor.Tests.dll at Library/ScriptAssemblies/Unity.UnifiedRayTracing.Editor.Tests.dll not valid. Loading of assembly skipped.
Assembly UnityEditor.UI.Common.Tests.dll at Library/ScriptAssemblies/UnityEditor.UI.Common.Tests.dll not valid. Loading of assembly skipped.
Assembly UnityEditor.UI.EditorTests.dll at Library/ScriptAssemblies/UnityEditor.UI.EditorTests.dll not valid. Loading of assembly skipped.
Assembly UnityEngine.UI.Tests.dll at Library/ScriptAssemblies/UnityEngine.UI.Tests.dll not valid. Loading of assembly skipped.
Native extension for iOS target not found
Native extension for Android target not found
Native extension for WindowsStandalone target not found
Native extension for WebGL target not found
[Package Manager] Failed to launch server process. Reason: Unity was launched with the -noUpm command-line argument
[Package Manager] Unable to send message (not connected to server process).
[Package Manager] Cannot connect to Unity Package Manager local server
[Package Manager] Failed to launch server process. Reason: Unity was launched with the -noUpm command-line argument
[Package Manager] Unable to send message (not connected to server process).
[Package Manager] Cannot connect to Unity Package Manager local server
[MODES] ModeService[none].Initialize
[MODES] ModeService[none].LoadModes
ScheduleIndexationOnStartup MainProcess:False IndexOnStartup:True
Mono: successfully reloaded assembly
- Finished resetting the current domain, in  1.244 seconds
Domain Reload Profiling: 3484ms
	BeginReloadAssembly (757ms)
		DisableScriptedObjects (57ms)
		CreateAndSetChildDomain (312ms)
	RebuildCommonClasses (49ms)
	RebuildNativeTypeToScriptingClass (16ms)
	initialDomainReloadingComplete (135ms)
	LoadAllAssembliesAndSetupDomain (1282ms)
		LoadAssemblies (1026ms)
		AnalyzeDomain (485ms)
			TypeCache.Refresh (248ms)
				TypeCache.ScanAssembly (206ms)
			BuildScriptInfoCaches (217ms)
			ResolveRequiredComponents (17ms)
	FinalizeReload (1245ms)
		SetupLoadedEditorAssemblies (0ms)
			InitializePlatformSupportModulesInManaged (16ms)
			BeforeProcessingInitializeOnLoad (171ms)
			ProcessInitializeOnLoadAttributes (662ms)
			ProcessInitializeOnLoadMethodAttributes (134ms)
		AwakeInstancesAfterBackupRestoration (15ms)
Unloading 25 Unused Serialized files (Serialized files now loaded: 0)
Unloading 6923 unused Assets / (6.6 MB). Loaded Objects now: 7883.
Memory consumption went from 180.1 MB to 173.5 MB.
Total: 13.088300 ms (FindLiveObjects: 1.003400 ms CreateObjectMapping: 1.001900 ms MarkObjects: 7.400100 ms  DeleteObjects: 3.681300 ms)

Prepare: number of updated asset objects reloaded= 0
========================================================================
Received Prepare
Unloading 25 Unused Serialized files (Serialized files now loaded: 0)
Unloading 6915 unused Assets / (5.9 MB). Loaded Objects now: 7882.
Memory consumption went from 184.1 MB to 178.2 MB.
Total: 23.381700 ms (FindLiveObjects: 1.232300 ms CreateObjectMapping: 2.137700 ms MarkObjects: 11.935300 ms  DeleteObjects: 8.071700 ms)

Prepare: number of updated asset objects reloaded= 0
========================================================================
Received Import Request.
  Time since last request: 1040.748192 seconds.
  path: Assets/mTexture/Textures/peeling_painted_wall_diff_4k.jpg
  importAddress: Guid(60db7ec3a442cb94cbcfec07b8558aae) Importer(815301076,1909f56bfc062723c751e8b465ee728b)
Start importing Assets/mTexture/Textures/peeling_painted_wall_diff_4k.jpg using Guid(60db7ec3a442cb94cbcfec07b8558aae) Importer(815301076,1909f56bfc062723c751e8b465ee728b) (PreviewImporter) -> (Import Result ID: 'c8e8957f15f3dce666eee54fc115509f') in 0.130361 seconds [static and dynamic dependencies]. Details - ImportResultOutputID=f025d4e9c91a3f9ebca005709251c602 DependenciesID=303c83fc7522c0d6f9a00125f7210bf7 StaticDependenciesID=7efdc557d950d964cc4a93b924a35ccd 
Number of updated asset objects reloaded before import = 0Number of asset objects unloaded after import = 2

========================================================================
Received Prepare
Begin MonoManager ReloadAssembly
[Licensing::Client] Successfully resolved entitlement details
Duplicate assembly 'System.Collections.Immutable.FSR.dll' with different versions detected, using 'Assets/FastScriptReload/Plugins/Roslyn/2021+/System.Collections.Immutable.FSR.dll, AssemblyName=System.Collections.Immutable, Version=7.0.0.0, Culture=neutral, PublicKeyToken=b03f5f7f11d50a3a' and ignoring 'Assets/FastScriptReload/Plugins/Roslyn/2021+/System.Collections.Immutable.dll, AssemblyName=System.Collections.Immutable, Version=1.2.3.0, Culture=neutral, PublicKeyToken=b03f5f7f11d50a3a'.Assembly Assembly-CSharp-Editor-firstpass.dll at Library/ScriptAssemblies/Assembly-CSharp-Editor-firstpass.dll not valid. Loading of assembly skipped.
Assembly DocCodeExamples.dll at Library/ScriptAssemblies/DocCodeExamples.dll not valid. Loading of assembly skipped.
Assembly FastScriptReload.Tests.Editor.dll at Library/ScriptAssemblies/FastScriptReload.Tests.Editor.dll not valid. Loading of assembly skipped.
Assembly FastScriptReload.Tests.Runtime.dll at Library/ScriptAssemblies/FastScriptReload.Tests.Runtime.dll not valid. Loading of assembly skipped.
Assembly TestNewCustomAssembly.dll at Library/ScriptAssemblies/TestNewCustomAssembly.dll not valid. Loading of assembly skipped.
Assembly Unity.2D.Sprite.Package.EditorTests.dll at Library/ScriptAssemblies/Unity.2D.Sprite.Package.EditorTests.dll not valid. Loading of assembly skipped.
Assembly Unity.Collections.BurstCompatibilityGen.dll at Library/ScriptAssemblies/Unity.Collections.BurstCompatibilityGen.dll not valid. Loading of assembly skipped.
Assembly Unity.Collections.DocCodeSamples.dll at Library/ScriptAssemblies/Unity.Collections.DocCodeSamples.dll not valid. Loading of assembly skipped.
Assembly Unity.Collections.PerformanceTests.dll at Library/ScriptAssemblies/Unity.Collections.PerformanceTests.dll not valid. Loading of assembly skipped.
Assembly Unity.Collections.Tests.dll at Library/ScriptAssemblies/Unity.Collections.Tests.dll not valid. Loading of assembly skipped.
Assembly Unity.Collections.Tests.Playmode.dll at Library/ScriptAssemblies/Unity.Collections.Tests.Playmode.dll not valid. Loading of assembly skipped.
Assembly Unity.InputSystem.IntegrationTests.dll at Library/ScriptAssemblies/Unity.InputSystem.IntegrationTests.dll not valid. Loading of assembly skipped.
Assembly Unity.Mathematics.Tests.dll at Library/ScriptAssemblies/Unity.Mathematics.Tests.dll not valid. Loading of assembly skipped.
Assembly Unity.Multiplayer.Center.Editor.Tests.dll at Library/ScriptAssemblies/Unity.Multiplayer.Center.Editor.Tests.dll not valid. Loading of assembly skipped.
Assembly Unity.Multiplayer.Center.Tests.dll at Library/ScriptAssemblies/Unity.Multiplayer.Center.Tests.dll not valid. Loading of assembly skipped.
Assembly Unity.Nuget.Mono-Cecil.dll at Library/ScriptAssemblies/Unity.Nuget.Mono-Cecil.dll not valid. Loading of assembly skipped.
Assembly Unity.PathTracing.Editor.Tests.dll at Library/ScriptAssemblies/Unity.PathTracing.Editor.Tests.dll not valid. Loading of assembly skipped.
Assembly Unity.PathTracing.Runtime.Tests.dll at Library/ScriptAssemblies/Unity.PathTracing.Runtime.Tests.dll not valid. Loading of assembly skipped.
Assembly Unity.RenderPipelines.Core.Editor.Tests.dll at Library/ScriptAssemblies/Unity.RenderPipelines.Core.Editor.Tests.dll not valid. Loading of assembly skipped.
Assembly Unity.RenderPipelines.Core.Runtime.Tests.dll at Library/ScriptAssemblies/Unity.RenderPipelines.Core.Runtime.Tests.dll not valid. Loading of assembly skipped.
Assembly Unity.RenderPipelines.Universal.Config.Editor.Tests.dll at Library/ScriptAssemblies/Unity.RenderPipelines.Universal.Config.Editor.Tests.dll not valid. Loading of assembly skipped.
Assembly Unity.RenderPipelines.Universal.Editor.Tests.dll at Library/ScriptAssemblies/Unity.RenderPipelines.Universal.Editor.Tests.dll not valid. Loading of assembly skipped.
Assembly Unity.RenderPipelines.Universal.Runtime.Tests.dll at Library/ScriptAssemblies/Unity.RenderPipelines.Universal.Runtime.Tests.dll not valid. Loading of assembly skipped.
Assembly Unity.Searcher.EditorTests.dll at Library/ScriptAssemblies/Unity.Searcher.EditorTests.dll not valid. Loading of assembly skipped.
Assembly Unity.Settings.Tests.dll at Library/ScriptAssemblies/Unity.Settings.Tests.dll not valid. Loading of assembly skipped.
Assembly Unity.ShaderGraph.Editor.Tests.dll at Library/ScriptAssemblies/Unity.ShaderGraph.Editor.Tests.dll not valid. Loading of assembly skipped.
Assembly Unity.TextMeshPro.Editor.Tests.dll at Library/ScriptAssemblies/Unity.TextMeshPro.Editor.Tests.dll not valid. Loading of assembly skipped.
Assembly Unity.TextMeshPro.Tests.dll at Library/ScriptAssemblies/Unity.TextMeshPro.Tests.dll not valid. Loading of assembly skipped.
Assembly Unity.UnifiedRayTracing.Editor.Tests.dll at Library/ScriptAssemblies/Unity.UnifiedRayTracing.Editor.Tests.dll not valid. Loading of assembly skipped.
Assembly UnityEditor.UI.Common.Tests.dll at Library/ScriptAssemblies/UnityEditor.UI.Common.Tests.dll not valid. Loading of assembly skipped.
Assembly UnityEditor.UI.EditorTests.dll at Library/ScriptAssemblies/UnityEditor.UI.EditorTests.dll not valid. Loading of assembly skipped.
Assembly UnityEngine.UI.Tests.dll at Library/ScriptAssemblies/UnityEngine.UI.Tests.dll not valid. Loading of assembly skipped.
Native extension for iOS target not found
Native extension for Android target not found
Native extension for WindowsStandalone target not found
Native extension for WebGL target not found
[Package Manager] Failed to launch server process. Reason: Unity was launched with the -noUpm command-line argument
[Package Manager] Unable to send message (not connected to server process).
[Package Manager] Cannot connect to Unity Package Manager local server
[Package Manager] Failed to launch server process. Reason: Unity was launched with the -noUpm command-line argument
[Package Manager] Unable to send message (not connected to server process).
[Package Manager] Cannot connect to Unity Package Manager local server
[MODES] ModeService[none].Initialize
[MODES] ModeService[none].LoadModes
ScheduleIndexationOnStartup MainProcess:False IndexOnStartup:True
Mono: successfully reloaded assembly
- Finished resetting the current domain, in  1.386 seconds
Domain Reload Profiling: 3350ms
	BeginReloadAssembly (256ms)
		DisableScriptedObjects (7ms)
		CreateAndSetChildDomain (66ms)
	RebuildCommonClasses (44ms)
	RebuildNativeTypeToScriptingClass (16ms)
	initialDomainReloadingComplete (108ms)
	LoadAllAssembliesAndSetupDomain (1540ms)
		LoadAssemblies (1317ms)
		AnalyzeDomain (325ms)
			TypeCache.Refresh (14ms)
			BuildScriptInfoCaches (291ms)
			ResolveRequiredComponents (17ms)
	FinalizeReload (1386ms)
		SetupLoadedEditorAssemblies (0ms)
			InitializePlatformSupportModulesInManaged (14ms)
			BeforeProcessingInitializeOnLoad (185ms)
			ProcessInitializeOnLoadAttributes (759ms)
			ProcessInitializeOnLoadMethodAttributes (150ms)
			AfterProcessingInitializeOnLoad (6ms)
		AwakeInstancesAfterBackupRestoration (17ms)
Unloading 25 Unused Serialized files (Serialized files now loaded: 0)
Unloading 6921 unused Assets / (6.7 MB). Loaded Objects now: 7885.
Memory consumption went from 180.0 MB to 173.3 MB.
Total: 12.516900 ms (FindLiveObjects: 1.072200 ms CreateObjectMapping: 1.292700 ms MarkObjects: 6.457100 ms  DeleteObjects: 3.693500 ms)

Prepare: number of updated asset objects reloaded= 0
========================================================================
Received Import Request.
  Time since last request: 208.681716 seconds.
  path: Assets/mTexture/Textures/grey_plaster_02_nor_gl_4k.exr
  importAddress: Guid(5f93f13be76007f4c9eb4454046ddcdb) Importer(815301076,1909f56bfc062723c751e8b465ee728b)
Start importing Assets/mTexture/Textures/grey_plaster_02_nor_gl_4k.exr using Guid(5f93f13be76007f4c9eb4454046ddcdb) Importer(815301076,1909f56bfc062723c751e8b465ee728b) (PreviewImporter) -> (Import Result ID: 'dd54cfad73306867254cd9e0e3d465d4') in 0.1051867 seconds [static and dynamic dependencies]. Details - ImportResultOutputID=c904a4507087225462a8fad278b7f696 DependenciesID=6eff1c13a20d0747e78529309cfd37ff StaticDependenciesID=c97d825e707ebabb84713be51ee1abce 
Number of updated asset objects reloaded before import = 0Number of asset objects unloaded after import = 2

========================================================================
Received Import Request.
  Time since last request: 71.186513 seconds.
  path: Assets/mTexture/Textures/New Material 9.mat
  importAddress: Guid(33f345a8206f12340a4b22f058bae1ab) Importer(815301076,1909f56bfc062723c751e8b465ee728b)
Start importing Assets/mTexture/Textures/New Material 9.mat using Guid(33f345a8206f12340a4b22f058bae1ab) Importer(815301076,1909f56bfc062723c751e8b465ee728b) (PreviewImporter) -> (Import Result ID: '7da23fe3b41defb36084f0304705c2d8') in 0.7243162 seconds [static and dynamic dependencies]. Details - ImportResultOutputID=07fa328af3e7c5c7c6847cdb0bbf0aa0 DependenciesID=4b33cfcc2f573380c91a3aea89dc8153 StaticDependenciesID=276cff47c293a37cacf2c2e80c4015d8 
Number of updated asset objects reloaded before import = 0Number of asset objects unloaded after import = 3

========================================================================
Received Import Request.
  Time since last request: 315.987470 seconds.
  path: Assets/mTexture/Textures/New Material 8.mat
  importAddress: Guid(28fc2b1c4f0a51c4a82c188f540fc129) Importer(815301076,1909f56bfc062723c751e8b465ee728b)
Start importing Assets/mTexture/Textures/New Material 8.mat using Guid(28fc2b1c4f0a51c4a82c188f540fc129) Importer(815301076,1909f56bfc062723c751e8b465ee728b) (PreviewImporter) -> (Import Result ID: 'b3a2caeba80f14f3b2f2c4763a4cd92f') in 0.0291909 seconds [static and dynamic dependencies]. Details - ImportResultOutputID=a98b390e40f50609430d410759486212 DependenciesID=1ce37889c47245ee6be73edebfc4392a StaticDependenciesID=d9eb2e2487273339ba07ffda49df5a7e 
Number of updated asset objects reloaded before import = 0Number of asset objects unloaded after import = 2

========================================================================
Received Import Request.
  Time since last request: 343.880051 seconds.
  path: Assets/mTexture/Textures/New Material 10.mat
  importAddress: Guid(57828da40e77a224eabfff233a0efdcb) Importer(815301076,1909f56bfc062723c751e8b465ee728b)
Start importing Assets/mTexture/Textures/New Material 10.mat using Guid(57828da40e77a224eabfff233a0efdcb) Importer(815301076,1909f56bfc062723c751e8b465ee728b) (PreviewImporter) -> (Import Result ID: '0260edef246b8f2e60836d11fa212cab') in 0.2459995 seconds [static and dynamic dependencies]. Details - ImportResultOutputID=8d772feb98fa46bd808920dc545871a3 DependenciesID=fa9c330cad459b0ace69039cef742693 StaticDependenciesID=1ebd3825224fe73618021865d658aefa 
Number of updated asset objects reloaded before import = 0Number of asset objects unloaded after import = 3

========================================================================
Received Import Request.
  Time since last request: 491.418482 seconds.
  path: Assets/mTexture/Textures/dark_wooden_planks_disp_4k.png
  importAddress: Guid(29e7a50266e14c24f9ac1c8c25e2ba4a) Importer(815301076,1909f56bfc062723c751e8b465ee728b)
Start importing Assets/mTexture/Textures/dark_wooden_planks_disp_4k.png using Guid(29e7a50266e14c24f9ac1c8c25e2ba4a) Importer(815301076,1909f56bfc062723c751e8b465ee728b) (PreviewImporter) -> (Import Result ID: 'e62f60d8abd96eec4b6d0de361793572') in 0.0230111 seconds [static and dynamic dependencies]. Details - ImportResultOutputID=d87b686d9846e3b91ffd82fe112cd6ca DependenciesID=5e387a08114a48f249f6c25d53e3b70e StaticDependenciesID=3f2bab1d1b14ea51f539b628a77b1438 
Number of updated asset objects reloaded before import = 0Number of asset objects unloaded after import = 2

========================================================================
Received Import Request.
  Time since last request: 0.000075 seconds.
  path: Assets/mTexture/Textures/dark_wooden_planks_nor_gl_4k.exr
  importAddress: Guid(854fc215a71729145a706da725f135be) Importer(815301076,1909f56bfc062723c751e8b465ee728b)
Start importing Assets/mTexture/Textures/dark_wooden_planks_nor_gl_4k.exr using Guid(854fc215a71729145a706da725f135be) Importer(815301076,1909f56bfc062723c751e8b465ee728b) (PreviewImporter) -> (Import Result ID: 'bbe17df9eed97ea6dd313fd12e9f24ce') in 0.0872408 seconds [static and dynamic dependencies]. Details - ImportResultOutputID=cf95631083e5484b65ad7429497a4e03 DependenciesID=bce871455c219b77010f607d863abae2 StaticDependenciesID=43cd57a90d3bff44dcd7cba1e4656ef7 
Number of updated asset objects reloaded before import = 0Number of asset objects unloaded after import = 2

========================================================================
Received Import Request.
  Time since last request: 11.312637 seconds.
  path: Assets/mTexture/Textures/old_wood_floor_disp_4k.png
  importAddress: Guid(2d833588423b4b249aace70e15675362) Importer(815301076,1909f56bfc062723c751e8b465ee728b)
Start importing Assets/mTexture/Textures/old_wood_floor_disp_4k.png using Guid(2d833588423b4b249aace70e15675362) Importer(815301076,1909f56bfc062723c751e8b465ee728b) (PreviewImporter) -> (Import Result ID: 'f13e79193df21c70855e229d0f47e6b6') in 0.069831 seconds [static and dynamic dependencies]. Details - ImportResultOutputID=d426132eb46aed085c66d96ca7f4ebc3 DependenciesID=74b0041309e3d2c22625a14e9f01c8b4 StaticDependenciesID=ad29622f0d755eca0ffa7c6eee2016eb 
Number of updated asset objects reloaded before import = 0Number of asset objects unloaded after import = 2

========================================================================
Received Import Request.
  Time since last request: 0.000034 seconds.
  path: Assets/mTexture/Textures/old_wood_floor_rough_4k.exr
  importAddress: Guid(f8b03fed75d2e384482b6c76f7913507) Importer(815301076,1909f56bfc062723c751e8b465ee728b)
Start importing Assets/mTexture/Textures/old_wood_floor_rough_4k.exr using Guid(f8b03fed75d2e384482b6c76f7913507) Importer(815301076,1909f56bfc062723c751e8b465ee728b) (PreviewImporter) -> (Import Result ID: '2ef5c12d9c31e3961c40fa6e8bcbf721') in 0.0249095 seconds [static and dynamic dependencies]. Details - ImportResultOutputID=750b6ec312244ebef0111ca7dac17714 DependenciesID=7c9bd2384db31ab3006a46d247f4fd62 StaticDependenciesID=574de68d89a79d4501ce7f30e85ba04e 
Number of updated asset objects reloaded before import = 0Number of asset objects unloaded after import = 2

========================================================================
Received Import Request.
  Time since last request: 68.172228 seconds.
  path: Assets/mTexture/Textures/New Material 10.mat
  importAddress: Guid(57828da40e77a224eabfff233a0efdcb) Importer(815301076,1909f56bfc062723c751e8b465ee728b)
Start importing Assets/mTexture/Textures/New Material 10.mat using Guid(57828da40e77a224eabfff233a0efdcb) Importer(815301076,1909f56bfc062723c751e8b465ee728b) (PreviewImporter) -> (Import Result ID: '1846e8f401e90f50775e531e7ae1aaaa') in 0.1901921 seconds [static and dynamic dependencies]. Details - ImportResultOutputID=f8ed6554452002b24ba79658b421a113 DependenciesID=06ee419526ddc38a4e1016b1ef464263 StaticDependenciesID=15c7f317d26bc3336ce8ff2e22e2276c 
Number of updated asset objects reloaded before import = 0Number of asset objects unloaded after import = 4

========================================================================
Received Import Request.
  Time since last request: 153.100183 seconds.
  path: Assets/mTexture/Textures/New Material 10.mat
  importAddress: Guid(57828da40e77a224eabfff233a0efdcb) Importer(815301076,1909f56bfc062723c751e8b465ee728b)
Start importing Assets/mTexture/Textures/New Material 10.mat using Guid(57828da40e77a224eabfff233a0efdcb) Importer(815301076,1909f56bfc062723c751e8b465ee728b) (PreviewImporter) -> (Import Result ID: '580f4d326a5c432eade51d088a01a884') in 0.1605817 seconds [static and dynamic dependencies]. Details - ImportResultOutputID=668fc9836825ce13fca0cf30242dc909 DependenciesID=cb8253d709da948198851cfad07deb34 StaticDependenciesID=6e08fbe1a92723f7ff611f04379d9af1 
Number of updated asset objects reloaded before import = 0Number of asset objects unloaded after import = 5

========================================================================
Received Import Request.
  Time since last request: 94.823702 seconds.
  path: Assets/mTexture/Textures/New Material 11.mat
  importAddress: Guid(a7d627f07c7558741a85ab4fb0b06184) Importer(815301076,1909f56bfc062723c751e8b465ee728b)
Start importing Assets/mTexture/Textures/New Material 11.mat using Guid(a7d627f07c7558741a85ab4fb0b06184) Importer(815301076,1909f56bfc062723c751e8b465ee728b) (PreviewImporter) -> (Import Result ID: '5b2d92c8706721b8e8151577a545ec1f') in 0.0270658 seconds [static and dynamic dependencies]. Details - ImportResultOutputID=80f8be3dec1ddfcbcdbef66386c73e66 DependenciesID=edc29d613cf94b6282369dabdab30e5c StaticDependenciesID=d6e574207ef731a15bb9e72a270c02cd 
Number of updated asset objects reloaded before import = 0Number of asset objects unloaded after import = 1

========================================================================
Received Import Request.
  Time since last request: 53.704706 seconds.
  path: Assets/mTexture/Textures/plastered_stone_wall_nor_gl_4k.exr
  importAddress: Guid(5cf4c5894a4167d448fba602ffcb3c99) Importer(815301076,1909f56bfc062723c751e8b465ee728b)
Start importing Assets/mTexture/Textures/plastered_stone_wall_nor_gl_4k.exr using Guid(5cf4c5894a4167d448fba602ffcb3c99) Importer(815301076,1909f56bfc062723c751e8b465ee728b) (PreviewImporter) -> (Import Result ID: 'cca7ac7baebcd913363ca4248ab0a383') in 0.0271892 seconds [static and dynamic dependencies]. Details - ImportResultOutputID=9d0bbaffefd0088e1b74d4f8dec308b6 DependenciesID=0cc5cb34895426fa8b7baa14a2c4e491 StaticDependenciesID=1de82762898a2340551cda407832d8af 
Number of updated asset objects reloaded before import = 0Number of asset objects unloaded after import = 2

========================================================================
Received Import Request.
  Time since last request: 4125.776191 seconds.
  path: Assets/mTexture/Textures/floral_jacquard_anisotropy_strength_4k.png
  importAddress: Guid(b147a02c04d423e41888be5989ddee33) Importer(815301076,1909f56bfc062723c751e8b465ee728b)
Start importing Assets/mTexture/Textures/floral_jacquard_anisotropy_strength_4k.png using Guid(b147a02c04d423e41888be5989ddee33) Importer(815301076,1909f56bfc062723c751e8b465ee728b) (PreviewImporter) -> (Import Result ID: 'ceeaa0803dc9a44e87af40e920728c2f') in 0.0516 seconds [static and dynamic dependencies]. Details - ImportResultOutputID=1f1fcacb3e60228522bea356fc854d0d DependenciesID=4e2717b9d321415ffec960835b914e24 StaticDependenciesID=da91a2f5e413e701dd705cb70a5f235b 
Number of updated asset objects reloaded before import = 0Number of asset objects unloaded after import = 2

========================================================================
Received Import Request.
  Time since last request: 0.025596 seconds.
  path: Assets/mTexture/Textures/floral_jacquard_diff_4k.jpg
  importAddress: Guid(ee7dbf9ae8c064a4cbbe05845bf8c489) Importer(815301076,1909f56bfc062723c751e8b465ee728b)
Start importing Assets/mTexture/Textures/floral_jacquard_diff_4k.jpg using Guid(ee7dbf9ae8c064a4cbbe05845bf8c489) Importer(815301076,1909f56bfc062723c751e8b465ee728b) (PreviewImporter) -> (Import Result ID: '91a886ab0d82d544acc380bd298ec2e0') in 0.0347603 seconds [static and dynamic dependencies]. Details - ImportResultOutputID=16c51691856df333f477cd52a738f295 DependenciesID=da84ecda9c4a74dc72269fd7dd464028 StaticDependenciesID=216f4b1f505b9a35d6a02aad8ae3851f 
Number of updated asset objects reloaded before import = 0Number of asset objects unloaded after import = 2

========================================================================
Received Import Request.
  Time since last request: 0.000094 seconds.
  path: Assets/mTexture/Textures/floral_jacquard_nor_gl_4k.exr
  importAddress: Guid(67e4978ec5cd78948a6dbe3c24ff7641) Importer(815301076,1909f56bfc062723c751e8b465ee728b)
Start importing Assets/mTexture/Textures/floral_jacquard_nor_gl_4k.exr using Guid(67e4978ec5cd78948a6dbe3c24ff7641) Importer(815301076,1909f56bfc062723c751e8b465ee728b) (PreviewImporter) -> (Import Result ID: 'c1748adcd0d21574775cd6be4f20c0b2') in 1.2743571 seconds [static and dynamic dependencies]. Details - ImportResultOutputID=f0acc65968cb583c53d03b03ec79afb8 DependenciesID=b9a3fc7c0ebd8bf19bc4100a69369752 StaticDependenciesID=35974a43f40877091768a3aae93e3130 
Number of updated asset objects reloaded before import = 0Number of asset objects unloaded after import = 2

========================================================================
Received Import Request.
  Time since last request: 0.849984 seconds.
  path: Assets/mTexture/Textures/floral_jacquard_spec_ior_4k.png
  importAddress: Guid(b3b239220a3085d46874538c598029e6) Importer(815301076,1909f56bfc062723c751e8b465ee728b)
Start importing Assets/mTexture/Textures/floral_jacquard_spec_ior_4k.png using Guid(b3b239220a3085d46874538c598029e6) Importer(815301076,1909f56bfc062723c751e8b465ee728b) (PreviewImporter) -> (Import Result ID: 'ba2aba001b3550bdcb3ed103e44aef58') in 0.0203736 seconds [static and dynamic dependencies]. Details - ImportResultOutputID=1411296bd079329ce78dfcd1e00875c0 DependenciesID=766a2310889d2c88a91c9354f235f4d8 StaticDependenciesID=bdfec0f329fda9418e5d78cea1c79099 
Number of updated asset objects reloaded before import = 0Number of asset objects unloaded after import = 2

========================================================================
Received Import Request.
  Time since last request: 0.000061 seconds.
  path: Assets/mTexture/Textures/New Material 3.mat
  importAddress: Guid(ad6593d9eb3e8eb47b0fd5a0ba3c02c2) Importer(815301076,1909f56bfc062723c751e8b465ee728b)
Start importing Assets/mTexture/Textures/New Material 3.mat using Guid(ad6593d9eb3e8eb47b0fd5a0ba3c02c2) Importer(815301076,1909f56bfc062723c751e8b465ee728b) (PreviewImporter) -> (Import Result ID: '2a4f952e8e10b0748ee773067fc69389') in 0.3501464 seconds [static and dynamic dependencies]. Details - ImportResultOutputID=c3e651e7731841c2087f8e490b463431 DependenciesID=31659c51f5ac20d0a77135c302690b27 StaticDependenciesID=ec749e8808c3e3c636d532aa9796e86e 
Number of updated asset objects reloaded before import = 0Number of asset objects unloaded after import = 3

========================================================================
Received Import Request.
  Time since last request: 0.000054 seconds.
  path: Assets/mTexture/Textures/New Material 2.mat
  importAddress: Guid(5f2cb94c9fdb5ff408dda7727bfcb2c7) Importer(815301076,1909f56bfc062723c751e8b465ee728b)
Start importing Assets/mTexture/Textures/New Material 2.mat using Guid(5f2cb94c9fdb5ff408dda7727bfcb2c7) Importer(815301076,1909f56bfc062723c751e8b465ee728b) (PreviewImporter) -> (Import Result ID: '4deee482dc511cb4a3aca8e5ef4fba57') in 0.375563 seconds [static and dynamic dependencies]. Details - ImportResultOutputID=6e4a3d341789c98a00c78d5b1598eb0e DependenciesID=bd38f6e31b5bc066a4f97bf08abc6fbd StaticDependenciesID=7b07a48793fd10774a2d994b971bbabf 
Number of updated asset objects reloaded before import = 0Number of asset objects unloaded after import = 3

Editor requested this worker to shutdown with reason: Scaling down because of idle timeout
AssetImportWorker is now disconnected from the server
Process exiting
Exiting without the bug reporter. Application will terminate with return code 0