[Licensing::Module] Trying to connect to existing licensing client channel...
Built from '6000.4/staging' branch; Version is '6000.4.0f1 (8cf496087c8f) revision 9237654'; Using compiler version '194234433'; Build Type 'Release'
OS: 'Windows 10  (10.0.19045) 64bit Professional' Language: 'ru' Physical Memory: 15739 MB
BatchMode: 1, IsHumanControllingUs: 0, StartBugReporterOnCrash: 0, Is64bit: 1
[Licensing::IpcConnector] Successfully connected to: "LicenseClient-HP" at "2026-05-06T20:38:58.4337545Z"
System  architecture: x64
Process architecture: x64
Date: 2026-05-06T20:38:58Z

COMMAND LINE ARGUMENTS:
D:\Unity\6000.4.0f1\Editor\Unity.exe
-adb2
-batchMode
-noUpm
-name
AssetImportWorker5
-projectPath
D:/Unity/UnityGames/Horror3
-logFile
Logs/AssetImportWorker5.log
-srvPort
49383
-force-d3d12
-job-worker-count
5
-background-job-worker-count
8
-gc-helper-count
1
-name
AssetImport
Successfully changed project path to: D:/Unity/UnityGames/Horror3
D:/Unity/UnityGames/Horror3
[UnityMemory] Configuration Parameters - Can be set up in boot.config
    "memorysetup-temp-allocator-size-gi-baking-worker=262144"
    "memorysetup-temp-allocator-size-gi-baking-worker=262144"
    "memorysetup-temp-allocator-size-gi-baking-worker=262144"
    "memorysetup-temp-allocator-size-gi-baking-worker=262144"
    "memorysetup-temp-allocator-size-gi-baking-worker=262144"
    "memorysetup-temp-allocator-size-nav-mesh-worker=65536"
    "memorysetup-temp-allocator-size-audio-worker=65536"
    "memorysetup-temp-allocator-size-cloud-worker=32768"
    "memorysetup-temp-allocator-size-gfx=262144"
    "memorysetup-temp-allocator-size-preload-manager=33554432"
    "memorysetup-temp-allocator-size-job-worker=262144"
    "memorysetup-temp-allocator-size-background-worker=32768"
    "memorysetup-allocator-temp-initial-block-size-main=262144"
    "memorysetup-allocator-temp-initial-block-size-worker=262144"
    "memorysetup-bucket-allocator-granularity=16"
    "memorysetup-bucket-allocator-bucket-count=8"
    "memorysetup-bucket-allocator-block-size=33554432"
    "memorysetup-bucket-allocator-block-count=8"
    "memorysetup-main-allocator-block-size=16777216"
    "memorysetup-thread-allocator-block-size=16777216"
    "memorysetup-gfx-main-allocator-block-size=16777216"
    "memorysetup-gfx-thread-allocator-block-size=16777216"
    "memorysetup-cache-allocator-block-size=4194304"
    "memorysetup-typetree-allocator-block-size=2097152"
    "memorysetup-profiler-bucket-allocator-granularity=16"
    "memorysetup-profiler-bucket-allocator-bucket-count=8"
    "memorysetup-profiler-bucket-allocator-block-size=33554432"
    "memorysetup-profiler-bucket-allocator-block-count=8"
    "memorysetup-profiler-allocator-block-size=16777216"
    "memorysetup-profiler-editor-allocator-block-size=1048576"
    "memorysetup-temp-allocator-size-main=16777216"
    "memorysetup-job-temp-allocator-block-size=2097152"
    "memorysetup-job-temp-allocator-block-size-background=1048576"
    "memorysetup-job-temp-allocator-reduction-small-platforms=262144"
Player connection [5508]  Target information:

Player connection [5508]  * "[IP] 26.118.42.253 [Port] 0 [Flags] 2 [Guid] 1751599939 [EditorId] 1751599939 [Version] 1048832 [Id] WindowsEditor(7,DESKTOP-L0DI5S2) [Debug] 1 [PackageName] WindowsEditor [ProjectName] Editor" 

Player connection [5508]  * "[IP] 192.168.0.167 [Port] 0 [Flags] 2 [Guid] 1751599939 [EditorId] 1751599939 [Version] 1048832 [Id] WindowsEditor(7,DESKTOP-L0DI5S2) [Debug] 1 [PackageName] WindowsEditor [ProjectName] Editor" 

Player connection [5508] Host joined multi-casting on [225.0.0.222:54997]...
Player connection [5508] Host joined alternative multi-casting on [225.0.0.222:34997]...
JobSystem: Creating JobQueue using job-worker-count value 5
Input System module state changed to: Initialized.
[Physics::Module] Initialized fallback backend.
[Physics::Module] Id: 0xdecafbad
Library Redirect Path: Library/
[Physics::Module] Selected backend.
[Physics::Module] Name: PhysX
[Physics::Module] Id: 0xf2b8ea05
[Physics::Module] SDK Version: 4.1.2
[Physics::Module] Integration Version: 1.0.0
[Physics::Module] Threading Mode: Multi-Threaded
Refreshing native plugins compatible for Editor in 79.53 ms, found 1 plugins.
Initialize engine version: 6000.4.0f1 (8cf496087c8f)
[Subsystems] Discovering subsystems at path D:/Unity/6000.4.0f1/Editor/Data/Resources/UnitySubsystems
[Subsystems] Discovering subsystems at path D:/Unity/UnityGames/Horror3/Assets
Forcing GfxDevice: Direct3D 12
GfxDevice: creating device client; kGfxThreadingModeNonThreaded
d3d12: failed to query info queue interface (0x80004002).
Direct3D:
    Version:         Direct3D 12 [level 12.1]
    Renderer:        AMD Radeon(TM) Graphics (ID=0x1636)
    Vendor:          ATI
    VRAM:            7869 MB
    App VRAM Budget: 7691 MB
    Driver:          31.0.21923.11000
    Unified Memory Architecture
[Licensing::Client] Error: HandshakeResponse reported an error:
	ResponseCode: 505
	ResponseStatus: Unsupported protocol version '1.18.1'.
[Licensing::Module] Error: Failed to handshake to channel: "LicenseClient-HP"
[Licensing::IpcConnector] LicenseClient-HP channel disconnected successfully.
[Licensing::IpcConnector] Successfully connected to: "LicenseClient-HP-6000.4.0" at "2026-05-06T20:39:17.6669243Z"
Initialize mono
Mono path[0] = 'D:/Unity/6000.4.0f1/Editor/Data/Managed'
Mono path[1] = 'D:/Unity/6000.4.0f1/Editor/Data/MonoBleedingEdge/lib/mono/unityjit-win32'
Mono config path = 'D:/Unity/6000.4.0f1/Editor/Data/MonoBleedingEdge/etc'
Using monoOptions --debugger-agent=transport=dt_socket,embedding=1,server=y,suspend=n,address=127.0.0.1:56176
CodeReloadManager initialized
Begin MonoManager ReloadAssembly
Registering precompiled unity dll's ...
Register platform support module: D:/Unity/6000.4.0f1/Editor/Data/PlaybackEngines/WebGLSupport/UnityEditor.WebGL.Extensions.dll
Register platform support module: D:/Unity/6000.4.0f1/Editor/Data/PlaybackEngines/WindowsStandaloneSupport/UnityEditor.WindowsStandalone.Extensions.dll
[Licensing::Module] Licensing is not yet initialized.
[Licensing::Client] Handshaking with LicensingClient:
  Version:                 1.18.1+9fbee8e
  Session Id:              5f4a7c6acc1a409b8c84262642cca2d1
  Correlation Id:          2c99d65b5c7d33c4e7552abcd56bfa73
  External correlation Id: 5704644779552885605
  Machine Id:              ZUof6B12KhUq9OTq9nLrS3MQZfs=
[Licensing::Module] Successfully connected to LicensingClient on channel: "LicenseClient-HP-6000.4.0" (connect: 0.00s, validation: 0.10s, handshake: 9.48s)
[Licensing::IpcConnector] Successfully connected to: "LicenseClient-HP-6000.4.0-notifications" at "2026-05-06T20:39:27.2564629Z"
[Licensing::Module] Licensing Background thread has ended after 28.82s
[Licensing::Module] Licensing is initialized (took 5.39s).
[Licensing::Client] Successfully resolved entitlement details
[Licensing::Module] License group:
  Id: 10171418086309-UnityPersXXXX
  Product: Unity Personal
  Type: Assigned
  Expiration: Unlimited
Register platform support module: D:/Unity/6000.4.0f1/Editor/Data/PlaybackEngines/AndroidPlayer/UnityEditor.Android.Extensions.dll
[Licensing::Client] Successfully resolved entitlement details
Register platform support module: D:/Unity/6000.4.0f1/Editor/Data/PlaybackEngines/iOSSupport/UnityEditor.iOS.Extensions.dll
Registered in 5.401192 seconds.
Native extension for iOS target not found
Native extension for Android target not found
Android Extension - Scanning For ADB Devices 517 ms
Native extension for WindowsStandalone target not found
Native extension for WebGL target not found
Package Manager log level set to [2]
[Package Manager] Failed to launch server process. Reason: Unity was launched with the -noUpm command-line argument
[Package Manager] Unable to send message (not connected to server process).
[Package Manager] Cannot connect to Unity Package Manager local server
ScheduleIndexationOnStartup MainProcess:False IndexOnStartup:True
Mono: successfully reloaded assembly
- Finished resetting the current domain, in  2.894 seconds
Domain Reload Profiling: 9748ms
	BeginReloadAssembly (317ms)
	RebuildCommonClasses (45ms)
	RebuildNativeTypeToScriptingClass (16ms)
	initialDomainReloadingComplete (5464ms)
	LoadAllAssembliesAndSetupDomain (1011ms)
		LoadAssemblies (316ms)
		AnalyzeDomain (1000ms)
			TypeCache.Refresh (960ms)
				TypeCache.ScanAssembly (821ms)
			ResolveRequiredComponents (40ms)
	FinalizeReload (2895ms)
		SetupLoadedEditorAssemblies (0ms)
			InitializePlatformSupportModulesInManaged (776ms)
			BeforeProcessingInitializeOnLoad (100ms)
			ProcessInitializeOnLoadAttributes (243ms)
			ProcessInitializeOnLoadMethodAttributes (1684ms)
========================================================================
Worker process is ready to serve import requests
Import Worker Mode flag is 0x00
Begin MonoManager ReloadAssembly
[Licensing::Client] Successfully resolved entitlement details
Duplicate assembly 'System.Collections.Immutable.FSR.dll' with different versions detected, using 'Assets/FastScriptReload/Plugins/Roslyn/2021+/System.Collections.Immutable.FSR.dll, AssemblyName=System.Collections.Immutable, Version=7.0.0.0, Culture=neutral, PublicKeyToken=b03f5f7f11d50a3a' and ignoring 'Assets/FastScriptReload/Plugins/Roslyn/2021+/System.Collections.Immutable.dll, AssemblyName=System.Collections.Immutable, Version=1.2.3.0, Culture=neutral, PublicKeyToken=b03f5f7f11d50a3a'.Assembly Assembly-CSharp-Editor-firstpass.dll at Library/ScriptAssemblies/Assembly-CSharp-Editor-firstpass.dll not valid. Loading of assembly skipped.
Assembly DocCodeExamples.dll at Library/ScriptAssemblies/DocCodeExamples.dll not valid. Loading of assembly skipped.
Assembly FastScriptReload.Tests.Editor.dll at Library/ScriptAssemblies/FastScriptReload.Tests.Editor.dll not valid. Loading of assembly skipped.
Assembly FastScriptReload.Tests.Runtime.dll at Library/ScriptAssemblies/FastScriptReload.Tests.Runtime.dll not valid. Loading of assembly skipped.
Assembly TestNewCustomAssembly.dll at Library/ScriptAssemblies/TestNewCustomAssembly.dll not valid. Loading of assembly skipped.
Assembly Unity.2D.Sprite.Package.EditorTests.dll at Library/ScriptAssemblies/Unity.2D.Sprite.Package.EditorTests.dll not valid. Loading of assembly skipped.
Assembly Unity.Collections.BurstCompatibilityGen.dll at Library/ScriptAssemblies/Unity.Collections.BurstCompatibilityGen.dll not valid. Loading of assembly skipped.
Assembly Unity.Collections.DocCodeSamples.dll at Library/ScriptAssemblies/Unity.Collections.DocCodeSamples.dll not valid. Loading of assembly skipped.
Assembly Unity.Collections.PerformanceTests.dll at Library/ScriptAssemblies/Unity.Collections.PerformanceTests.dll not valid. Loading of assembly skipped.
Assembly Unity.Collections.Tests.dll at Library/ScriptAssemblies/Unity.Collections.Tests.dll not valid. Loading of assembly skipped.
Assembly Unity.Collections.Tests.Playmode.dll at Library/ScriptAssemblies/Unity.Collections.Tests.Playmode.dll not valid. Loading of assembly skipped.
Assembly Unity.InputSystem.IntegrationTests.dll at Library/ScriptAssemblies/Unity.InputSystem.IntegrationTests.dll not valid. Loading of assembly skipped.
Assembly Unity.Mathematics.Tests.dll at Library/ScriptAssemblies/Unity.Mathematics.Tests.dll not valid. Loading of assembly skipped.
Assembly Unity.Multiplayer.Center.Editor.Tests.dll at Library/ScriptAssemblies/Unity.Multiplayer.Center.Editor.Tests.dll not valid. Loading of assembly skipped.
Assembly Unity.Multiplayer.Center.Tests.dll at Library/ScriptAssemblies/Unity.Multiplayer.Center.Tests.dll not valid. Loading of assembly skipped.
Assembly Unity.Nuget.Mono-Cecil.dll at Library/ScriptAssemblies/Unity.Nuget.Mono-Cecil.dll not valid. Loading of assembly skipped.
Assembly Unity.PathTracing.Editor.Tests.dll at Library/ScriptAssemblies/Unity.PathTracing.Editor.Tests.dll not valid. Loading of assembly skipped.
Assembly Unity.PathTracing.Runtime.Tests.dll at Library/ScriptAssemblies/Unity.PathTracing.Runtime.Tests.dll not valid. Loading of assembly skipped.
Assembly Unity.RenderPipelines.Core.Editor.Tests.dll at Library/ScriptAssemblies/Unity.RenderPipelines.Core.Editor.Tests.dll not valid. Loading of assembly skipped.
Assembly Unity.RenderPipelines.Core.Runtime.Tests.dll at Library/ScriptAssemblies/Unity.RenderPipelines.Core.Runtime.Tests.dll not valid. Loading of assembly skipped.
Assembly Unity.RenderPipelines.Universal.Config.Editor.Tests.dll at Library/ScriptAssemblies/Unity.RenderPipelines.Universal.Config.Editor.Tests.dll not valid. Loading of assembly skipped.
Assembly Unity.RenderPipelines.Universal.Editor.Tests.dll at Library/ScriptAssemblies/Unity.RenderPipelines.Universal.Editor.Tests.dll not valid. Loading of assembly skipped.
Assembly Unity.RenderPipelines.Universal.Runtime.Tests.dll at Library/ScriptAssemblies/Unity.RenderPipelines.Universal.Runtime.Tests.dll not valid. Loading of assembly skipped.
Assembly Unity.Searcher.EditorTests.dll at Library/ScriptAssemblies/Unity.Searcher.EditorTests.dll not valid. Loading of assembly skipped.
Assembly Unity.Settings.Tests.dll at Library/ScriptAssemblies/Unity.Settings.Tests.dll not valid. Loading of assembly skipped.
Assembly Unity.ShaderGraph.Editor.Tests.dll at Library/ScriptAssemblies/Unity.ShaderGraph.Editor.Tests.dll not valid. Loading of assembly skipped.
Assembly Unity.TextMeshPro.Editor.Tests.dll at Library/ScriptAssemblies/Unity.TextMeshPro.Editor.Tests.dll not valid. Loading of assembly skipped.
Assembly Unity.TextMeshPro.Tests.dll at Library/ScriptAssemblies/Unity.TextMeshPro.Tests.dll not valid. Loading of assembly skipped.
Assembly Unity.UnifiedRayTracing.Editor.Tests.dll at Library/ScriptAssemblies/Unity.UnifiedRayTracing.Editor.Tests.dll not valid. Loading of assembly skipped.
Assembly UnityEditor.UI.Common.Tests.dll at Library/ScriptAssemblies/UnityEditor.UI.Common.Tests.dll not valid. Loading of assembly skipped.
Assembly UnityEditor.UI.EditorTests.dll at Library/ScriptAssemblies/UnityEditor.UI.EditorTests.dll not valid. Loading of assembly skipped.
Assembly UnityEngine.UI.Tests.dll at Library/ScriptAssemblies/UnityEngine.UI.Tests.dll not valid. Loading of assembly skipped.
Refreshing native plugins compatible for Editor in 37.86 ms, found 1 plugins.
Native extension for iOS target not found
Native extension for Android target not found
Native extension for WindowsStandalone target not found
Native extension for WebGL target not found
[Package Manager] Failed to launch server process. Reason: Unity was launched with the -noUpm command-line argument
[Package Manager] Unable to send message (not connected to server process).
[Package Manager] Cannot connect to Unity Package Manager local server
FSR: Shader does not exist: Object reference not set to an instance of an object
UnityEngine.Debug:ExtractStackTraceNoAlloc (byte*,int,string)
UnityEngine.StackTraceUtility:ExtractStackTrace ()
UnityEngine.DebugLogHandler:Internal_Log (UnityEngine.LogType,UnityEngine.LogOption,string,UnityEngine.Object)
UnityEngine.DebugLogHandler:LogFormat (UnityEngine.LogType,UnityEngine.Object,string,object[])
UnityEngine.Logger:Log (UnityEngine.LogType,object)
ImmersiveVrToolsCommon.Runtime.Logging.LoggerScoped:LogInternal (UnityEngine.LogType,object)
ImmersiveVrToolsCommon.Runtime.Logging.LoggerScoped:LogWarning (object)
FastScriptReload.Editor.FastScriptReloadPreference:SetCommonMaterialsShader (FastScriptReload.Editor.FastScriptReloadPreference/ShadersMode) (at Assets/FastScriptReload/Scripts/Editor/FastScriptReloadWelcomeScreen.cs:863)
FastScriptReload.Editor.FastScriptReloadWelcomeScreenInitializer:AutoDetectAndSetShaderMode () (at Assets/FastScriptReload/Scripts/Editor/FastScriptReloadWelcomeScreen.cs:1089)
FastScriptReload.Editor.FastScriptReloadWelcomeScreenInitializer:InitCommon () (at Assets/FastScriptReload/Scripts/Editor/FastScriptReloadWelcomeScreen.cs:971)
FastScriptReload.Editor.FastScriptReloadWelcomeScreenInitializer:.cctor () (at Assets/FastScriptReload/Scripts/Editor/FastScriptReloadWelcomeScreen.cs:939)
System.Runtime.CompilerServices.RuntimeHelpers:RunClassConstructor (System.RuntimeTypeHandle)
UnityEditor.EditorAssemblies:ProcessInitializeOnLoadAttributes (System.Type[])

(Filename: Assets/FastScriptReload/Scripts/Editor/FastScriptReloadWelcomeScreen.cs Line: 863)

[Package Manager] Failed to launch server process. Reason: Unity was launched with the -noUpm command-line argument
[Package Manager] Unable to send message (not connected to server process).
[Package Manager] Cannot connect to Unity Package Manager local server
[MODES] ModeService[none].Initialize
[MODES] ModeService[none].LoadModes
[MODES] Loading mode Default (0) for mode-current-id-Horror3
ScheduleIndexationOnStartup MainProcess:False IndexOnStartup:True
Mono: successfully reloaded assembly
- Finished resetting the current domain, in 69.507 seconds
Domain Reload Profiling: 73351ms
	BeginReloadAssembly (213ms)
		DisableScriptedObjects (8ms)
		CreateAndSetChildDomain (37ms)
	RebuildCommonClasses (46ms)
	RebuildNativeTypeToScriptingClass (17ms)
	initialDomainReloadingComplete (95ms)
	LoadAllAssembliesAndSetupDomain (3473ms)
		LoadAssemblies (2635ms)
		AnalyzeDomain (947ms)
			TypeCache.Refresh (841ms)
				TypeCache.ScanAssembly (597ms)
			BuildScriptInfoCaches (88ms)
			ResolveRequiredComponents (16ms)
	FinalizeReload (69507ms)
		SetupLoadedEditorAssemblies (0ms)
			InitializePlatformSupportModulesInManaged (25ms)
			BeforeProcessingInitializeOnLoad (283ms)
			ProcessInitializeOnLoadAttributes (67050ms)
			ProcessInitializeOnLoadMethodAttributes (236ms)
			AfterProcessingInitializeOnLoad (4ms)
		AwakeInstancesAfterBackupRestoration (7ms)
Launched and connected shader compiler UnityShaderCompiler.exe after 0.93 seconds
Refreshing native plugins compatible for Editor in 26.42 ms, found 1 plugins.
Unloading 25 Unused Serialized files (Serialized files now loaded: 0)
Unloading 6921 unused Assets / (6.4 MB). Loaded Objects now: 7799.
Memory consumption went from 163.8 MB to 157.3 MB.
Total: 16.695700 ms (FindLiveObjects: 1.163400 ms CreateObjectMapping: 1.173600 ms MarkObjects: 8.863100 ms  DeleteObjects: 5.491900 ms)

========================================================================
Received Prepare
Unloading 25 Unused Serialized files (Serialized files now loaded: 0)
Unloading 6915 unused Assets / (6.1 MB). Loaded Objects now: 7799.
Memory consumption went from 166.9 MB to 160.8 MB.
Total: 11.677300 ms (FindLiveObjects: 0.889800 ms CreateObjectMapping: 0.715600 ms MarkObjects: 7.034200 ms  DeleteObjects: 3.036000 ms)

Prepare: number of updated asset objects reloaded= 0
========================================================================
Received Prepare
Unloading 25 Unused Serialized files (Serialized files now loaded: 0)
Unloading 6915 unused Assets / (6.6 MB). Loaded Objects now: 7799.
Memory consumption went from 171.1 MB to 164.5 MB.
Total: 31.464200 ms (FindLiveObjects: 1.652400 ms CreateObjectMapping: 2.425800 ms MarkObjects: 15.640400 ms  DeleteObjects: 11.742000 ms)

Prepare: number of updated asset objects reloaded= 0
========================================================================
Received Prepare
Begin MonoManager ReloadAssembly
[Licensing::Client] Successfully resolved entitlement details
Duplicate assembly 'System.Collections.Immutable.FSR.dll' with different versions detected, using 'Assets/FastScriptReload/Plugins/Roslyn/2021+/System.Collections.Immutable.FSR.dll, AssemblyName=System.Collections.Immutable, Version=7.0.0.0, Culture=neutral, PublicKeyToken=b03f5f7f11d50a3a' and ignoring 'Assets/FastScriptReload/Plugins/Roslyn/2021+/System.Collections.Immutable.dll, AssemblyName=System.Collections.Immutable, Version=1.2.3.0, Culture=neutral, PublicKeyToken=b03f5f7f11d50a3a'.Assembly Assembly-CSharp-Editor-firstpass.dll at Library/ScriptAssemblies/Assembly-CSharp-Editor-firstpass.dll not valid. Loading of assembly skipped.
Assembly DocCodeExamples.dll at Library/ScriptAssemblies/DocCodeExamples.dll not valid. Loading of assembly skipped.
Assembly FastScriptReload.Tests.Editor.dll at Library/ScriptAssemblies/FastScriptReload.Tests.Editor.dll not valid. Loading of assembly skipped.
Assembly FastScriptReload.Tests.Runtime.dll at Library/ScriptAssemblies/FastScriptReload.Tests.Runtime.dll not valid. Loading of assembly skipped.
Assembly TestNewCustomAssembly.dll at Library/ScriptAssemblies/TestNewCustomAssembly.dll not valid. Loading of assembly skipped.
Assembly Unity.2D.Sprite.Package.EditorTests.dll at Library/ScriptAssemblies/Unity.2D.Sprite.Package.EditorTests.dll not valid. Loading of assembly skipped.
Assembly Unity.Collections.BurstCompatibilityGen.dll at Library/ScriptAssemblies/Unity.Collections.BurstCompatibilityGen.dll not valid. Loading of assembly skipped.
Assembly Unity.Collections.DocCodeSamples.dll at Library/ScriptAssemblies/Unity.Collections.DocCodeSamples.dll not valid. Loading of assembly skipped.
Assembly Unity.Collections.PerformanceTests.dll at Library/ScriptAssemblies/Unity.Collections.PerformanceTests.dll not valid. Loading of assembly skipped.
Assembly Unity.Collections.Tests.dll at Library/ScriptAssemblies/Unity.Collections.Tests.dll not valid. Loading of assembly skipped.
Assembly Unity.Collections.Tests.Playmode.dll at Library/ScriptAssemblies/Unity.Collections.Tests.Playmode.dll not valid. Loading of assembly skipped.
Assembly Unity.InputSystem.IntegrationTests.dll at Library/ScriptAssemblies/Unity.InputSystem.IntegrationTests.dll not valid. Loading of assembly skipped.
Assembly Unity.Mathematics.Tests.dll at Library/ScriptAssemblies/Unity.Mathematics.Tests.dll not valid. Loading of assembly skipped.
Assembly Unity.Multiplayer.Center.Editor.Tests.dll at Library/ScriptAssemblies/Unity.Multiplayer.Center.Editor.Tests.dll not valid. Loading of assembly skipped.
Assembly Unity.Multiplayer.Center.Tests.dll at Library/ScriptAssemblies/Unity.Multiplayer.Center.Tests.dll not valid. Loading of assembly skipped.
Assembly Unity.Nuget.Mono-Cecil.dll at Library/ScriptAssemblies/Unity.Nuget.Mono-Cecil.dll not valid. Loading of assembly skipped.
Assembly Unity.PathTracing.Editor.Tests.dll at Library/ScriptAssemblies/Unity.PathTracing.Editor.Tests.dll not valid. Loading of assembly skipped.
Assembly Unity.PathTracing.Runtime.Tests.dll at Library/ScriptAssemblies/Unity.PathTracing.Runtime.Tests.dll not valid. Loading of assembly skipped.
Assembly Unity.RenderPipelines.Core.Editor.Tests.dll at Library/ScriptAssemblies/Unity.RenderPipelines.Core.Editor.Tests.dll not valid. Loading of assembly skipped.
Assembly Unity.RenderPipelines.Core.Runtime.Tests.dll at Library/ScriptAssemblies/Unity.RenderPipelines.Core.Runtime.Tests.dll not valid. Loading of assembly skipped.
Assembly Unity.RenderPipelines.Universal.Config.Editor.Tests.dll at Library/ScriptAssemblies/Unity.RenderPipelines.Universal.Config.Editor.Tests.dll not valid. Loading of assembly skipped.
Assembly Unity.RenderPipelines.Universal.Editor.Tests.dll at Library/ScriptAssemblies/Unity.RenderPipelines.Universal.Editor.Tests.dll not valid. Loading of assembly skipped.
Assembly Unity.RenderPipelines.Universal.Runtime.Tests.dll at Library/ScriptAssemblies/Unity.RenderPipelines.Universal.Runtime.Tests.dll not valid. Loading of assembly skipped.
Assembly Unity.Searcher.EditorTests.dll at Library/ScriptAssemblies/Unity.Searcher.EditorTests.dll not valid. Loading of assembly skipped.
Assembly Unity.Settings.Tests.dll at Library/ScriptAssemblies/Unity.Settings.Tests.dll not valid. Loading of assembly skipped.
Assembly Unity.ShaderGraph.Editor.Tests.dll at Library/ScriptAssemblies/Unity.ShaderGraph.Editor.Tests.dll not valid. Loading of assembly skipped.
Assembly Unity.TextMeshPro.Editor.Tests.dll at Library/ScriptAssemblies/Unity.TextMeshPro.Editor.Tests.dll not valid. Loading of assembly skipped.
Assembly Unity.TextMeshPro.Tests.dll at Library/ScriptAssemblies/Unity.TextMeshPro.Tests.dll not valid. Loading of assembly skipped.
Assembly Unity.UnifiedRayTracing.Editor.Tests.dll at Library/ScriptAssemblies/Unity.UnifiedRayTracing.Editor.Tests.dll not valid. Loading of assembly skipped.
Assembly UnityEditor.UI.Common.Tests.dll at Library/ScriptAssemblies/UnityEditor.UI.Common.Tests.dll not valid. Loading of assembly skipped.
Assembly UnityEditor.UI.EditorTests.dll at Library/ScriptAssemblies/UnityEditor.UI.EditorTests.dll not valid. Loading of assembly skipped.
Assembly UnityEngine.UI.Tests.dll at Library/ScriptAssemblies/UnityEngine.UI.Tests.dll not valid. Loading of assembly skipped.
Native extension for iOS target not found
Native extension for Android target not found
Native extension for WindowsStandalone target not found
Native extension for WebGL target not found
[Package Manager] Failed to launch server process. Reason: Unity was launched with the -noUpm command-line argument
[Package Manager] Unable to send message (not connected to server process).
[Package Manager] Cannot connect to Unity Package Manager local server
[Package Manager] Failed to launch server process. Reason: Unity was launched with the -noUpm command-line argument
[Package Manager] Unable to send message (not connected to server process).
[Package Manager] Cannot connect to Unity Package Manager local server
[MODES] ModeService[none].Initialize
[MODES] ModeService[none].LoadModes
ScheduleIndexationOnStartup MainProcess:False IndexOnStartup:True
Mono: successfully reloaded assembly
- Finished resetting the current domain, in  1.694 seconds
Domain Reload Profiling: 3617ms
	BeginReloadAssembly (333ms)
		DisableScriptedObjects (9ms)
		CreateAndSetChildDomain (88ms)
	RebuildCommonClasses (55ms)
	RebuildNativeTypeToScriptingClass (19ms)
	initialDomainReloadingComplete (128ms)
	LoadAllAssembliesAndSetupDomain (1388ms)
		LoadAssemblies (1151ms)
		AnalyzeDomain (381ms)
			TypeCache.Refresh (14ms)
			BuildScriptInfoCaches (348ms)
			ResolveRequiredComponents (16ms)
	FinalizeReload (1695ms)
		SetupLoadedEditorAssemblies (0ms)
			InitializePlatformSupportModulesInManaged (28ms)
			BeforeProcessingInitializeOnLoad (236ms)
			ProcessInitializeOnLoadAttributes (803ms)
			ProcessInitializeOnLoadMethodAttributes (136ms)
			AfterProcessingInitializeOnLoad (3ms)
		AwakeInstancesAfterBackupRestoration (16ms)
Unloading 25 Unused Serialized files (Serialized files now loaded: 0)
Unloading 6921 unused Assets / (7.2 MB). Loaded Objects now: 7815.
Memory consumption went from 183.4 MB to 176.2 MB.
Total: 17.864900 ms (FindLiveObjects: 1.178500 ms CreateObjectMapping: 1.263500 ms MarkObjects: 9.453700 ms  DeleteObjects: 5.966900 ms)

Prepare: number of updated asset objects reloaded= 0
========================================================================
Received Import Request.
  Time since last request: 35249.673134 seconds.
  path: Assets/Models/Key_Metallic.png
  importAddress: Guid(ecb15a748ec1125418d6be64555b3a31) Importer(815301076,1909f56bfc062723c751e8b465ee728b)
Start importing Assets/Models/Key_Metallic.png using Guid(ecb15a748ec1125418d6be64555b3a31) Importer(815301076,1909f56bfc062723c751e8b465ee728b) (PreviewImporter)[Licensing::Client] Successfully resolved entitlement details
[Licensing::Client] Successfully resolved entitlement details
 -> (Import Result ID: '26890bb3a5d7d8b8b5cfb823c953d413') in 0.3271572 seconds [static and dynamic dependencies]. Details - ImportResultOutputID=dae6db7034a3d90b19a911793a87ca73 DependenciesID=6207c3d46678a593ff27dd675afcc84e StaticDependenciesID=0e64739e0b991e2395d289ab775749fd 
Number of updated asset objects reloaded before import = 0Number of asset objects unloaded after import = 2

========================================================================
Received Prepare
Unloading 25 Unused Serialized files (Serialized files now loaded: 0)
Unloading 6915 unused Assets / (5.0 MB). Loaded Objects now: 7820.
Memory consumption went from 177.7 MB to 172.7 MB.
Total: 141.914300 ms (FindLiveObjects: 1.465900 ms CreateObjectMapping: 1.248300 ms MarkObjects: 135.842900 ms  DeleteObjects: 3.355300 ms)

Prepare: number of updated asset objects reloaded= 0
========================================================================
Received Prepare
Begin MonoManager ReloadAssembly
[Licensing::Client] Successfully resolved entitlement details
Duplicate assembly 'System.Collections.Immutable.FSR.dll' with different versions detected, using 'Assets/FastScriptReload/Plugins/Roslyn/2021+/System.Collections.Immutable.FSR.dll, AssemblyName=System.Collections.Immutable, Version=7.0.0.0, Culture=neutral, PublicKeyToken=b03f5f7f11d50a3a' and ignoring 'Assets/FastScriptReload/Plugins/Roslyn/2021+/System.Collections.Immutable.dll, AssemblyName=System.Collections.Immutable, Version=1.2.3.0, Culture=neutral, PublicKeyToken=b03f5f7f11d50a3a'.Assembly Assembly-CSharp-Editor-firstpass.dll at Library/ScriptAssemblies/Assembly-CSharp-Editor-firstpass.dll not valid. Loading of assembly skipped.
Assembly DocCodeExamples.dll at Library/ScriptAssemblies/DocCodeExamples.dll not valid. Loading of assembly skipped.
Assembly FastScriptReload.Tests.Editor.dll at Library/ScriptAssemblies/FastScriptReload.Tests.Editor.dll not valid. Loading of assembly skipped.
Assembly FastScriptReload.Tests.Runtime.dll at Library/ScriptAssemblies/FastScriptReload.Tests.Runtime.dll not valid. Loading of assembly skipped.
Assembly TestNewCustomAssembly.dll at Library/ScriptAssemblies/TestNewCustomAssembly.dll not valid. Loading of assembly skipped.
Assembly Unity.2D.Sprite.Package.EditorTests.dll at Library/ScriptAssemblies/Unity.2D.Sprite.Package.EditorTests.dll not valid. Loading of assembly skipped.
Assembly Unity.Collections.BurstCompatibilityGen.dll at Library/ScriptAssemblies/Unity.Collections.BurstCompatibilityGen.dll not valid. Loading of assembly skipped.
Assembly Unity.Collections.DocCodeSamples.dll at Library/ScriptAssemblies/Unity.Collections.DocCodeSamples.dll not valid. Loading of assembly skipped.
Assembly Unity.Collections.PerformanceTests.dll at Library/ScriptAssemblies/Unity.Collections.PerformanceTests.dll not valid. Loading of assembly skipped.
Assembly Unity.Collections.Tests.dll at Library/ScriptAssemblies/Unity.Collections.Tests.dll not valid. Loading of assembly skipped.
Assembly Unity.Collections.Tests.Playmode.dll at Library/ScriptAssemblies/Unity.Collections.Tests.Playmode.dll not valid. Loading of assembly skipped.
Assembly Unity.InputSystem.IntegrationTests.dll at Library/ScriptAssemblies/Unity.InputSystem.IntegrationTests.dll not valid. Loading of assembly skipped.
Assembly Unity.Mathematics.Tests.dll at Library/ScriptAssemblies/Unity.Mathematics.Tests.dll not valid. Loading of assembly skipped.
Assembly Unity.Multiplayer.Center.Editor.Tests.dll at Library/ScriptAssemblies/Unity.Multiplayer.Center.Editor.Tests.dll not valid. Loading of assembly skipped.
Assembly Unity.Multiplayer.Center.Tests.dll at Library/ScriptAssemblies/Unity.Multiplayer.Center.Tests.dll not valid. Loading of assembly skipped.
Assembly Unity.Nuget.Mono-Cecil.dll at Library/ScriptAssemblies/Unity.Nuget.Mono-Cecil.dll not valid. Loading of assembly skipped.
Assembly Unity.PathTracing.Editor.Tests.dll at Library/ScriptAssemblies/Unity.PathTracing.Editor.Tests.dll not valid. Loading of assembly skipped.
Assembly Unity.PathTracing.Runtime.Tests.dll at Library/ScriptAssemblies/Unity.PathTracing.Runtime.Tests.dll not valid. Loading of assembly skipped.
Assembly Unity.RenderPipelines.Core.Editor.Tests.dll at Library/ScriptAssemblies/Unity.RenderPipelines.Core.Editor.Tests.dll not valid. Loading of assembly skipped.
Assembly Unity.RenderPipelines.Core.Runtime.Tests.dll at Library/ScriptAssemblies/Unity.RenderPipelines.Core.Runtime.Tests.dll not valid. Loading of assembly skipped.
Assembly Unity.RenderPipelines.Universal.Config.Editor.Tests.dll at Library/ScriptAssemblies/Unity.RenderPipelines.Universal.Config.Editor.Tests.dll not valid. Loading of assembly skipped.
Assembly Unity.RenderPipelines.Universal.Editor.Tests.dll at Library/ScriptAssemblies/Unity.RenderPipelines.Universal.Editor.Tests.dll not valid. Loading of assembly skipped.
Assembly Unity.RenderPipelines.Universal.Runtime.Tests.dll at Library/ScriptAssemblies/Unity.RenderPipelines.Universal.Runtime.Tests.dll not valid. Loading of assembly skipped.
Assembly Unity.Searcher.EditorTests.dll at Library/ScriptAssemblies/Unity.Searcher.EditorTests.dll not valid. Loading of assembly skipped.
Assembly Unity.Settings.Tests.dll at Library/ScriptAssemblies/Unity.Settings.Tests.dll not valid. Loading of assembly skipped.
Assembly Unity.ShaderGraph.Editor.Tests.dll at Library/ScriptAssemblies/Unity.ShaderGraph.Editor.Tests.dll not valid. Loading of assembly skipped.
Assembly Unity.TextMeshPro.Editor.Tests.dll at Library/ScriptAssemblies/Unity.TextMeshPro.Editor.Tests.dll not valid. Loading of assembly skipped.
Assembly Unity.TextMeshPro.Tests.dll at Library/ScriptAssemblies/Unity.TextMeshPro.Tests.dll not valid. Loading of assembly skipped.
Assembly Unity.UnifiedRayTracing.Editor.Tests.dll at Library/ScriptAssemblies/Unity.UnifiedRayTracing.Editor.Tests.dll not valid. Loading of assembly skipped.
Assembly UnityEditor.UI.Common.Tests.dll at Library/ScriptAssemblies/UnityEditor.UI.Common.Tests.dll not valid. Loading of assembly skipped.
Assembly UnityEditor.UI.EditorTests.dll at Library/ScriptAssemblies/UnityEditor.UI.EditorTests.dll not valid. Loading of assembly skipped.
Assembly UnityEngine.UI.Tests.dll at Library/ScriptAssemblies/UnityEngine.UI.Tests.dll not valid. Loading of assembly skipped.
Native extension for iOS target not found
Native extension for Android target not found
Native extension for WindowsStandalone target not found
Native extension for WebGL target not found
[Package Manager] Failed to launch server process. Reason: Unity was launched with the -noUpm command-line argument
[Package Manager] Unable to send message (not connected to server process).
[Package Manager] Cannot connect to Unity Package Manager local server
[Package Manager] Failed to launch server process. Reason: Unity was launched with the -noUpm command-line argument
[Package Manager] Unable to send message (not connected to server process).
[Package Manager] Cannot connect to Unity Package Manager local server
[MODES] ModeService[none].Initialize
[MODES] ModeService[none].LoadModes
ScheduleIndexationOnStartup MainProcess:False IndexOnStartup:True
Mono: successfully reloaded assembly
- Finished resetting the current domain, in  1.979 seconds
Domain Reload Profiling: 5205ms
	BeginReloadAssembly (1019ms)
		DisableScriptedObjects (41ms)
		CreateAndSetChildDomain (504ms)
	RebuildCommonClasses (63ms)
	RebuildNativeTypeToScriptingClass (17ms)
	initialDomainReloadingComplete (203ms)
	LoadAllAssembliesAndSetupDomain (1923ms)
		LoadAssemblies (1761ms)
		AnalyzeDomain (453ms)
			TypeCache.Refresh (36ms)
			BuildScriptInfoCaches (384ms)
			ResolveRequiredComponents (20ms)
	FinalizeReload (1980ms)
		SetupLoadedEditorAssemblies (0ms)
			InitializePlatformSupportModulesInManaged (24ms)
			BeforeProcessingInitializeOnLoad (244ms)
			ProcessInitializeOnLoadAttributes (1062ms)
			ProcessInitializeOnLoadMethodAttributes (260ms)
			AfterProcessingInitializeOnLoad (4ms)
		AwakeInstancesAfterBackupRestoration (26ms)
Unloading 25 Unused Serialized files (Serialized files now loaded: 0)
Unloading 6921 unused Assets / (7.0 MB). Loaded Objects now: 7823.
Memory consumption went from 182.6 MB to 175.6 MB.
Total: 21.042700 ms (FindLiveObjects: 1.690300 ms CreateObjectMapping: 1.680900 ms MarkObjects: 10.539200 ms  DeleteObjects: 7.129300 ms)

Prepare: number of updated asset objects reloaded= 0
========================================================================
Received Import Request.
  Time since last request: 15157.805225 seconds.
  path: Assets/Prefabs/Old Key Variant.prefab
  importAddress: Guid(3f5ca677f29ba92458aeef645d232e60) Importer(815301076,1909f56bfc062723c751e8b465ee728b)
Start importing Assets/Prefabs/Old Key Variant.prefab using Guid(3f5ca677f29ba92458aeef645d232e60) Importer(815301076,1909f56bfc062723c751e8b465ee728b) (PreviewImporter) -> (Import Result ID: 'db1ebf8b6b1de2a384314fd1b7b6a2e1') in 1.3658268 seconds [static and dynamic dependencies]. Details - ImportResultOutputID=d7a7b7936e3be005afd0ea2d62ff15c9 DependenciesID=3a19ee0d15d940b775997ee390aa9280 StaticDependenciesID=b66b1f9100e39b6cf2980a33bf6df85b 
Number of updated asset objects reloaded before import = 0Number of asset objects unloaded after import = 27

========================================================================
Received Import Request.
  Time since last request: 343.895706 seconds.
  path: Assets/Parameters/ItemsParameters/Padlock Key.asset
  importAddress: Guid(c8e49c7747ac1fb43baa56cc8b1b9d74) Importer(815301076,1909f56bfc062723c751e8b465ee728b)
Start importing Assets/Parameters/ItemsParameters/Padlock Key.asset using Guid(c8e49c7747ac1fb43baa56cc8b1b9d74) Importer(815301076,1909f56bfc062723c751e8b465ee728b) (PreviewImporter) -> (Import Result ID: '1cda18b5265f8a33d35fd60258256c5a') in 0.0037016 seconds [static and dynamic dependencies]. Details - ImportResultOutputID=0f356600b6a873005c21e82ff826d54a DependenciesID=59ca3355032185d8042e74cf743971c1 StaticDependenciesID=ec392689fbc098cd424326e3e6e2ae37 
Number of updated asset objects reloaded before import = 0Number of asset objects unloaded after import = 7

========================================================================
Received Import Request.
  Time since last request: 49.074005 seconds.
  path: Assets/Prefabs/Old Key Variant.prefab
  importAddress: Guid(3f5ca677f29ba92458aeef645d232e60) Importer(815301076,1909f56bfc062723c751e8b465ee728b)
Start importing Assets/Prefabs/Old Key Variant.prefab using Guid(3f5ca677f29ba92458aeef645d232e60) Importer(815301076,1909f56bfc062723c751e8b465ee728b) (PreviewImporter) -> (Import Result ID: '04a6fb542ca2165a407dbe5d53b76134') in 0.0381769 seconds [static and dynamic dependencies]. Details - ImportResultOutputID=d7a7b7936e3be005afd0ea2d62ff15c9 DependenciesID=2ef25f29be19d4ab5456738b53612a66 StaticDependenciesID=b66b1f9100e39b6cf2980a33bf6df85b 
Number of updated asset objects reloaded before import = 0Number of asset objects unloaded after import = 27

========================================================================
Received Import Request.
  Time since last request: 136.966752 seconds.
  path: Assets/Prefabs/Key Variant.prefab
  importAddress: Guid(bcc5d97a00c1e7d49bdbfc5ddad484d0) Importer(815301076,1909f56bfc062723c751e8b465ee728b)
Start importing Assets/Prefabs/Key Variant.prefab using Guid(bcc5d97a00c1e7d49bdbfc5ddad484d0) Importer(815301076,1909f56bfc062723c751e8b465ee728b) (PreviewImporter) -> (Import Result ID: '6c944bb1fb9f74a8c8f528f3590ea985') in 0.0860835 seconds [static and dynamic dependencies]. Details - ImportResultOutputID=72f4ac80602eba2f76323fc5cd6502c5 DependenciesID=6d4c9eee57c3b8c330542e67df0b02d6 StaticDependenciesID=5077fe246e96557b56aad71061fc1d77 
Number of updated asset objects reloaded before import = 0Number of asset objects unloaded after import = 29

========================================================================
Received Import Request.
  Time since last request: 1.635035 seconds.
  path: Assets/Prefabs/Key Variant.prefab
  importAddress: Guid(bcc5d97a00c1e7d49bdbfc5ddad484d0) Importer(815301076,1909f56bfc062723c751e8b465ee728b)
Start importing Assets/Prefabs/Key Variant.prefab using Guid(bcc5d97a00c1e7d49bdbfc5ddad484d0) Importer(815301076,1909f56bfc062723c751e8b465ee728b) (PreviewImporter) -> (Import Result ID: '6cff339494dec2bad7db4d8961cb6bc8') in 0.0254387 seconds [static and dynamic dependencies]. Details - ImportResultOutputID=72f4ac80602eba2f76323fc5cd6502c5 DependenciesID=ebc7d25fbd5176f2b34b25620816dffc StaticDependenciesID=5077fe246e96557b56aad71061fc1d77 
Number of updated asset objects reloaded before import = 0Number of asset objects unloaded after import = 29

========================================================================
Received Import Request.
  Time since last request: 0.855508 seconds.
  path: Assets/Prefabs/Key Variant.prefab
  importAddress: Guid(bcc5d97a00c1e7d49bdbfc5ddad484d0) Importer(815301076,1909f56bfc062723c751e8b465ee728b)
Start importing Assets/Prefabs/Key Variant.prefab using Guid(bcc5d97a00c1e7d49bdbfc5ddad484d0) Importer(815301076,1909f56bfc062723c751e8b465ee728b) (PreviewImporter) -> (Import Result ID: 'df812c29e3cc2fa5f20a99da445c58cb') in 0.0241325 seconds [static and dynamic dependencies]. Details - ImportResultOutputID=72f4ac80602eba2f76323fc5cd6502c5 DependenciesID=77d19f594b7f1c3c2cd0c82535c4fe72 StaticDependenciesID=5077fe246e96557b56aad71061fc1d77 
Number of updated asset objects reloaded before import = 0Number of asset objects unloaded after import = 29

========================================================================
Received Import Request.
  Time since last request: 65.998779 seconds.
  path: Assets/Prefabs/Key Variant.prefab
  importAddress: Guid(bcc5d97a00c1e7d49bdbfc5ddad484d0) Importer(815301076,1909f56bfc062723c751e8b465ee728b)
Start importing Assets/Prefabs/Key Variant.prefab using Guid(bcc5d97a00c1e7d49bdbfc5ddad484d0) Importer(815301076,1909f56bfc062723c751e8b465ee728b) (PreviewImporter) -> (Import Result ID: 'bb012bf5af450c9483cd0448714100e5') in 0.028977 seconds [static and dynamic dependencies]. Details - ImportResultOutputID=27080e00036c944d7992bb0ea9dfb8a3 DependenciesID=aa89fe68f5fe914259490ee6b1348abe StaticDependenciesID=f054433e32a64c4cc754380a8ddece3b 
Number of updated asset objects reloaded before import = 0Number of asset objects unloaded after import = 29

========================================================================
Received Import Request.
  Time since last request: 6.531023 seconds.
  path: Assets/Prefabs/Key Variant.prefab
  importAddress: Guid(bcc5d97a00c1e7d49bdbfc5ddad484d0) Importer(815301076,1909f56bfc062723c751e8b465ee728b)
Start importing Assets/Prefabs/Key Variant.prefab using Guid(bcc5d97a00c1e7d49bdbfc5ddad484d0) Importer(815301076,1909f56bfc062723c751e8b465ee728b) (PreviewImporter) -> (Import Result ID: 'a96c2604411a50f8aa81c6cf5778382a') in 0.0257315 seconds [static and dynamic dependencies]. Details - ImportResultOutputID=27080e00036c944d7992bb0ea9dfb8a3 DependenciesID=26f667b281cf64410723a6676bea257e StaticDependenciesID=f054433e32a64c4cc754380a8ddece3b 
Number of updated asset objects reloaded before import = 0Number of asset objects unloaded after import = 29

========================================================================
Received Import Request.
  Time since last request: 1.480605 seconds.
  path: Assets/Prefabs/Key Variant.prefab
  importAddress: Guid(bcc5d97a00c1e7d49bdbfc5ddad484d0) Importer(815301076,1909f56bfc062723c751e8b465ee728b)
Start importing Assets/Prefabs/Key Variant.prefab using Guid(bcc5d97a00c1e7d49bdbfc5ddad484d0) Importer(815301076,1909f56bfc062723c751e8b465ee728b) (PreviewImporter) -> (Import Result ID: '7c78dbe67913893c436818673c383353') in 0.0251783 seconds [static and dynamic dependencies]. Details - ImportResultOutputID=27080e00036c944d7992bb0ea9dfb8a3 DependenciesID=10d5a18f2990e20ff725d1b84367f37a StaticDependenciesID=f054433e32a64c4cc754380a8ddece3b 
Number of updated asset objects reloaded before import = 0Number of asset objects unloaded after import = 29

========================================================================
Received Prepare
Unloading 25 Unused Serialized files (Serialized files now loaded: 0)
Unloading 6916 unused Assets / (6.4 MB). Loaded Objects now: 7944.
Memory consumption went from 184.7 MB to 178.2 MB.
Total: 256.779600 ms (FindLiveObjects: 1.861000 ms CreateObjectMapping: 1.795600 ms MarkObjects: 247.546400 ms  DeleteObjects: 5.574100 ms)

Prepare: number of updated asset objects reloaded= 0
========================================================================
Received Prepare
Begin MonoManager ReloadAssembly
[Licensing::Client] Successfully resolved entitlement details
Duplicate assembly 'System.Collections.Immutable.FSR.dll' with different versions detected, using 'Assets/FastScriptReload/Plugins/Roslyn/2021+/System.Collections.Immutable.FSR.dll, AssemblyName=System.Collections.Immutable, Version=7.0.0.0, Culture=neutral, PublicKeyToken=b03f5f7f11d50a3a' and ignoring 'Assets/FastScriptReload/Plugins/Roslyn/2021+/System.Collections.Immutable.dll, AssemblyName=System.Collections.Immutable, Version=1.2.3.0, Culture=neutral, PublicKeyToken=b03f5f7f11d50a3a'.Assembly Assembly-CSharp-Editor-firstpass.dll at Library/ScriptAssemblies/Assembly-CSharp-Editor-firstpass.dll not valid. Loading of assembly skipped.
Assembly DocCodeExamples.dll at Library/ScriptAssemblies/DocCodeExamples.dll not valid. Loading of assembly skipped.
Assembly FastScriptReload.Tests.Editor.dll at Library/ScriptAssemblies/FastScriptReload.Tests.Editor.dll not valid. Loading of assembly skipped.
Assembly FastScriptReload.Tests.Runtime.dll at Library/ScriptAssemblies/FastScriptReload.Tests.Runtime.dll not valid. Loading of assembly skipped.
Assembly TestNewCustomAssembly.dll at Library/ScriptAssemblies/TestNewCustomAssembly.dll not valid. Loading of assembly skipped.
Assembly Unity.2D.Sprite.Package.EditorTests.dll at Library/ScriptAssemblies/Unity.2D.Sprite.Package.EditorTests.dll not valid. Loading of assembly skipped.
Assembly Unity.Collections.BurstCompatibilityGen.dll at Library/ScriptAssemblies/Unity.Collections.BurstCompatibilityGen.dll not valid. Loading of assembly skipped.
Assembly Unity.Collections.DocCodeSamples.dll at Library/ScriptAssemblies/Unity.Collections.DocCodeSamples.dll not valid. Loading of assembly skipped.
Assembly Unity.Collections.PerformanceTests.dll at Library/ScriptAssemblies/Unity.Collections.PerformanceTests.dll not valid. Loading of assembly skipped.
Assembly Unity.Collections.Tests.dll at Library/ScriptAssemblies/Unity.Collections.Tests.dll not valid. Loading of assembly skipped.
Assembly Unity.Collections.Tests.Playmode.dll at Library/ScriptAssemblies/Unity.Collections.Tests.Playmode.dll not valid. Loading of assembly skipped.
Assembly Unity.InputSystem.IntegrationTests.dll at Library/ScriptAssemblies/Unity.InputSystem.IntegrationTests.dll not valid. Loading of assembly skipped.
Assembly Unity.Mathematics.Tests.dll at Library/ScriptAssemblies/Unity.Mathematics.Tests.dll not valid. Loading of assembly skipped.
Assembly Unity.Multiplayer.Center.Editor.Tests.dll at Library/ScriptAssemblies/Unity.Multiplayer.Center.Editor.Tests.dll not valid. Loading of assembly skipped.
Assembly Unity.Multiplayer.Center.Tests.dll at Library/ScriptAssemblies/Unity.Multiplayer.Center.Tests.dll not valid. Loading of assembly skipped.
Assembly Unity.Nuget.Mono-Cecil.dll at Library/ScriptAssemblies/Unity.Nuget.Mono-Cecil.dll not valid. Loading of assembly skipped.
Assembly Unity.PathTracing.Editor.Tests.dll at Library/ScriptAssemblies/Unity.PathTracing.Editor.Tests.dll not valid. Loading of assembly skipped.
Assembly Unity.PathTracing.Runtime.Tests.dll at Library/ScriptAssemblies/Unity.PathTracing.Runtime.Tests.dll not valid. Loading of assembly skipped.
Assembly Unity.RenderPipelines.Core.Editor.Tests.dll at Library/ScriptAssemblies/Unity.RenderPipelines.Core.Editor.Tests.dll not valid. Loading of assembly skipped.
Assembly Unity.RenderPipelines.Core.Runtime.Tests.dll at Library/ScriptAssemblies/Unity.RenderPipelines.Core.Runtime.Tests.dll not valid. Loading of assembly skipped.
Assembly Unity.RenderPipelines.Universal.Config.Editor.Tests.dll at Library/ScriptAssemblies/Unity.RenderPipelines.Universal.Config.Editor.Tests.dll not valid. Loading of assembly skipped.
Assembly Unity.RenderPipelines.Universal.Editor.Tests.dll at Library/ScriptAssemblies/Unity.RenderPipelines.Universal.Editor.Tests.dll not valid. Loading of assembly skipped.
Assembly Unity.RenderPipelines.Universal.Runtime.Tests.dll at Library/ScriptAssemblies/Unity.RenderPipelines.Universal.Runtime.Tests.dll not valid. Loading of assembly skipped.
Assembly Unity.Searcher.EditorTests.dll at Library/ScriptAssemblies/Unity.Searcher.EditorTests.dll not valid. Loading of assembly skipped.
Assembly Unity.Settings.Tests.dll at Library/ScriptAssemblies/Unity.Settings.Tests.dll not valid. Loading of assembly skipped.
Assembly Unity.ShaderGraph.Editor.Tests.dll at Library/ScriptAssemblies/Unity.ShaderGraph.Editor.Tests.dll not valid. Loading of assembly skipped.
Assembly Unity.TextMeshPro.Editor.Tests.dll at Library/ScriptAssemblies/Unity.TextMeshPro.Editor.Tests.dll not valid. Loading of assembly skipped.
Assembly Unity.TextMeshPro.Tests.dll at Library/ScriptAssemblies/Unity.TextMeshPro.Tests.dll not valid. Loading of assembly skipped.
Assembly Unity.UnifiedRayTracing.Editor.Tests.dll at Library/ScriptAssemblies/Unity.UnifiedRayTracing.Editor.Tests.dll not valid. Loading of assembly skipped.
Assembly UnityEditor.UI.Common.Tests.dll at Library/ScriptAssemblies/UnityEditor.UI.Common.Tests.dll not valid. Loading of assembly skipped.
Assembly UnityEditor.UI.EditorTests.dll at Library/ScriptAssemblies/UnityEditor.UI.EditorTests.dll not valid. Loading of assembly skipped.
Assembly UnityEngine.UI.Tests.dll at Library/ScriptAssemblies/UnityEngine.UI.Tests.dll not valid. Loading of assembly skipped.
Native extension for iOS target not found
Native extension for Android target not found
Native extension for WindowsStandalone target not found
Native extension for WebGL target not found
[Package Manager] Failed to launch server process. Reason: Unity was launched with the -noUpm command-line argument
[Package Manager] Unable to send message (not connected to server process).
[Package Manager] Cannot connect to Unity Package Manager local server
[Package Manager] Failed to launch server process. Reason: Unity was launched with the -noUpm command-line argument
[Package Manager] Unable to send message (not connected to server process).
[Package Manager] Cannot connect to Unity Package Manager local server
[MODES] ModeService[none].Initialize
[MODES] ModeService[none].LoadModes
ScheduleIndexationOnStartup MainProcess:False IndexOnStartup:True
Mono: successfully reloaded assembly
- Finished resetting the current domain, in  2.240 seconds
Domain Reload Profiling: 12270ms
	BeginReloadAssembly (1143ms)
		DisableScriptedObjects (63ms)
		CreateAndSetChildDomain (586ms)
	RebuildCommonClasses (67ms)
	RebuildNativeTypeToScriptingClass (16ms)
	initialDomainReloadingComplete (192ms)
	LoadAllAssembliesAndSetupDomain (8611ms)
		LoadAssemblies (8099ms)
		AnalyzeDomain (820ms)
			TypeCache.Refresh (29ms)
			BuildScriptInfoCaches (759ms)
			ResolveRequiredComponents (24ms)
	FinalizeReload (2241ms)
		SetupLoadedEditorAssemblies (0ms)
			InitializePlatformSupportModulesInManaged (30ms)
			BeforeProcessingInitializeOnLoad (335ms)
			ProcessInitializeOnLoadAttributes (1037ms)
			ProcessInitializeOnLoadMethodAttributes (226ms)
			AfterProcessingInitializeOnLoad (4ms)
		AwakeInstancesAfterBackupRestoration (28ms)
Unloading 25 Unused Serialized files (Serialized files now loaded: 0)
Unloading 6921 unused Assets / (7.2 MB). Loaded Objects now: 7855.
Memory consumption went from 184.7 MB to 177.5 MB.
Total: 20.651800 ms (FindLiveObjects: 1.265400 ms CreateObjectMapping: 1.460200 ms MarkObjects: 11.338100 ms  DeleteObjects: 6.584400 ms)

Prepare: number of updated asset objects reloaded= 0
========================================================================
Received Import Request.
  Time since last request: 1931.498937 seconds.
  path: Assets/Prefabs/low1.obj
  importAddress: Guid(d2a7ab68139d7734c8925b0801063d7a) Importer(815301076,1909f56bfc062723c751e8b465ee728b)
Start importing Assets/Prefabs/low1.obj using Guid(d2a7ab68139d7734c8925b0801063d7a) Importer(815301076,1909f56bfc062723c751e8b465ee728b) (PreviewImporter) -> (Import Result ID: '9c1503931f927cd6bc407db0df0cd791') in 1.7720406 seconds [static and dynamic dependencies]. Details - ImportResultOutputID=b5d9528d20face39ca3d0df34cb525e1 DependenciesID=ade5f2ce28aad015f4308356f4343f1d StaticDependenciesID=e3a76980100b23a2e5b1027479ab02f3 
Number of updated asset objects reloaded before import = 0Number of asset objects unloaded after import = 16

========================================================================
Received Import Request.
  Time since last request: 101.614536 seconds.
  path: Assets/mTexture/LP_Safe_Safe_Normal.tif
  importAddress: Guid(523fd0f60a93e0c48adc4767ed7c18d4) Importer(2089858483,b0f066a214c2f5e87bad3c948f4d605d)
Start importing Assets/mTexture/LP_Safe_Safe_Normal.tif using Guid(523fd0f60a93e0c48adc4767ed7c18d4) Importer(2089858483,b0f066a214c2f5e87bad3c948f4d605d) (ScriptedImporter) -> (Import Result ID: '1cf6a74c879aaa88cbf2a8b9adb38c08') in 0.4562794 seconds [static and dynamic dependencies]. Details - ImportResultOutputID=1b388294ff2a3b7054edc3967c987164 DependenciesID=5b3f55d9625caa42a5e36d6cf1fb6ffa StaticDependenciesID=a01fbdb0141f5caa9dd7932c558a104a 
Number of updated asset objects reloaded before import = 0Number of asset objects unloaded after import = 1

========================================================================
Received Import Request.
  Time since last request: 0.000084 seconds.
  path: Assets/Models/Key_BaseColor.png
  importAddress: Guid(199280b70054c4a418304ea18919eeb2) Importer(2089858483,b0f066a214c2f5e87bad3c948f4d605d)
Start importing Assets/Models/Key_BaseColor.png using Guid(199280b70054c4a418304ea18919eeb2) Importer(2089858483,b0f066a214c2f5e87bad3c948f4d605d) (ScriptedImporter) -> (Import Result ID: 'dc42b991f6e454fd5e084b227a8e8dce') in 2.2537747 seconds [static and dynamic dependencies]. Details - ImportResultOutputID=8395c7fd40154b158e544df90d3c0f5c DependenciesID=e9f3fb70934d90d5ecf920c81da2fd1e StaticDependenciesID=346fc39d00544870c2e48a699b2ec791 
Number of updated asset objects reloaded before import = 0Number of asset objects unloaded after import = 1

========================================================================
Received Import Request.
  Time since last request: 0.835924 seconds.
  path: Assets/Models/Key_Normal.png
  importAddress: Guid(291effdcc48738747aea7b8da01fc71e) Importer(2089858483,b0f066a214c2f5e87bad3c948f4d605d)
Start importing Assets/Models/Key_Normal.png using Guid(291effdcc48738747aea7b8da01fc71e) Importer(2089858483,b0f066a214c2f5e87bad3c948f4d605d) (ScriptedImporter) -> (Import Result ID: '55e8f724b0820ed146290f809c08b5db') in 0.3203889 seconds [static and dynamic dependencies]. Details - ImportResultOutputID=e96b61983157205cae938b1aaa3c64f0 DependenciesID=8bcf799e26043aa92eed0241da9f603d StaticDependenciesID=2d01babc32ac1c16801f8440323b1b9c 
Number of updated asset objects reloaded before import = 0Number of asset objects unloaded after import = 1

========================================================================
Received Import Request.
  Time since last request: 9.685131 seconds.
  path: Assets/Models/Key_Roughness.png
  importAddress: Guid(51e03e6472456334d8972655c4278d76) Importer(2089858483,b0f066a214c2f5e87bad3c948f4d605d)
Start importing Assets/Models/Key_Roughness.png using Guid(51e03e6472456334d8972655c4278d76) Importer(2089858483,b0f066a214c2f5e87bad3c948f4d605d) (ScriptedImporter) -> (Import Result ID: '228953117a94d6c81e1e5be3e975a757') in 0.1898136 seconds [static and dynamic dependencies]. Details - ImportResultOutputID=2b9785c268d8c40efe6c6b619701f6b4 DependenciesID=dd45c33c995e5532871a03508cfc87de StaticDependenciesID=4f843b1f7f9342edbb4400c54b7521a8 
Number of updated asset objects reloaded before import = 0Number of asset objects unloaded after import = 1

========================================================================
Received Import Request.
  Time since last request: 0.000162 seconds.
  path: Assets/Models/Materials/Key_BaseColor.mat
  importAddress: Guid(853cd7eed763bb5429942df1111571b6) Importer(2089858483,b0f066a214c2f5e87bad3c948f4d605d)
Start importing Assets/Models/Materials/Key_BaseColor.mat using Guid(853cd7eed763bb5429942df1111571b6) Importer(2089858483,b0f066a214c2f5e87bad3c948f4d605d) (ScriptedImporter) -> (Import Result ID: '72fa9359d7667724b892d2fc19eb266c') in 0.0769373 seconds [static and dynamic dependencies]. Details - ImportResultOutputID=cb721b60faa93a315504373fae7b2329 DependenciesID=b3938b87dca6c058979fed975c0957d3 StaticDependenciesID=9b83d50bf9bdbbd8b601a4e65068d72a 
Number of updated asset objects reloaded before import = 0Number of asset objects unloaded after import = 4

========================================================================
Received Import Request.
  Time since last request: 0.000041 seconds.
  path: Assets/Prefabs/Key Variant.prefab
  importAddress: Guid(bcc5d97a00c1e7d49bdbfc5ddad484d0) Importer(2089858483,b0f066a214c2f5e87bad3c948f4d605d)
Start importing Assets/Prefabs/Key Variant.prefab using Guid(bcc5d97a00c1e7d49bdbfc5ddad484d0) Importer(2089858483,b0f066a214c2f5e87bad3c948f4d605d) (ScriptedImporter) -> (Import Result ID: '748945ab0e3599002ab13979800bc9d9') in 0.2931602 seconds [static and dynamic dependencies]. Details - ImportResultOutputID=aaf2d479c4ef4fadaf57899585884cf6 DependenciesID=d8a423d5077d9bd8d73804ec514bd2ad StaticDependenciesID=88b04e0bff64ce81cd22b49337e7bcbc 
Number of updated asset objects reloaded before import = 0Number of asset objects unloaded after import = 23

========================================================================
Received Import Request.
  Time since last request: 0.000031 seconds.
  path: Assets/Parameters/ItemsParameters/Letter.asset
  importAddress: Guid(65a37f19d1d6c05448dc8f17546c74aa) Importer(2089858483,b0f066a214c2f5e87bad3c948f4d605d)
Start importing Assets/Parameters/ItemsParameters/Letter.asset using Guid(65a37f19d1d6c05448dc8f17546c74aa) Importer(2089858483,b0f066a214c2f5e87bad3c948f4d605d) (ScriptedImporter) -> (Import Result ID: '924e774c815f89d309f87ffbb8b71825') in 0.3968867 seconds [static and dynamic dependencies]. Details - ImportResultOutputID=a023f614630d42d5db96ae3776783d01 DependenciesID=ac43d8950d51c37b485390d259e437ec StaticDependenciesID=f501755bdf636a45038899563e2bfcc6 
Number of updated asset objects reloaded before import = 0Number of asset objects unloaded after import = 23

========================================================================
Received Import Request.
  Time since last request: 0.000054 seconds.
  path: Assets/SpritesAndShaders/Fonts/ParadisePoint-Bold SDF.asset
  importAddress: Guid(6248669c9adef7947821438e279cfa92) Importer(2089858483,b0f066a214c2f5e87bad3c948f4d605d)
Start importing Assets/SpritesAndShaders/Fonts/ParadisePoint-Bold SDF.asset using Guid(6248669c9adef7947821438e279cfa92) Importer(2089858483,b0f066a214c2f5e87bad3c948f4d605d) (ScriptedImporter) -> (Import Result ID: 'a72f9adf7699cd633388e7c2b3367016') in 1.8521659 seconds [static and dynamic dependencies]. Details - ImportResultOutputID=4f4498a54df47f963863ef105746ebb2 DependenciesID=b920b40f89f68b859543f89b5617cf2b StaticDependenciesID=f1a27bc676ff8953ef1ed86b806a600c 
Number of updated asset objects reloaded before import = 0Number of asset objects unloaded after import = 5

========================================================================
Received Import Request.
  Time since last request: 17.703514 seconds.
  path: Assets/mTexture/DefaultMaterial_AO.jpg
  importAddress: Guid(0a2657f501509da42b35bf13ae3847e8) Importer(815301076,1909f56bfc062723c751e8b465ee728b)
Start importing Assets/mTexture/DefaultMaterial_AO.jpg using Guid(0a2657f501509da42b35bf13ae3847e8) Importer(815301076,1909f56bfc062723c751e8b465ee728b) (PreviewImporter) -> (Import Result ID: 'f4732d7a60247a18d5c5c2bd80571901') in 0.0330752 seconds [static and dynamic dependencies]. Details - ImportResultOutputID=83356eff4d463abb680a420613f8119c DependenciesID=7bbde61c0ca3924a9778fdfd65948445 StaticDependenciesID=54ff745bf1104746fc3ea3fb76866b4a 
Number of updated asset objects reloaded before import = 0Number of asset objects unloaded after import = 2

========================================================================
Received Import Request.
  Time since last request: 0.000037 seconds.
  path: Assets/mTexture/DefaultMaterial_metallic.jpg
  importAddress: Guid(c2f088a9f4a269046bdce21242ceb482) Importer(815301076,1909f56bfc062723c751e8b465ee728b)
Start importing Assets/mTexture/DefaultMaterial_metallic.jpg using Guid(c2f088a9f4a269046bdce21242ceb482) Importer(815301076,1909f56bfc062723c751e8b465ee728b) (PreviewImporter) -> (Import Result ID: 'd1c3652fed73da181c2769fae3457bdd') in 0.0209845 seconds [static and dynamic dependencies]. Details - ImportResultOutputID=1545f4a9e7bc6b05461a1a0fec2f92c1 DependenciesID=fafe3c4584d453546eb3d14a246e8d2e StaticDependenciesID=d295c29c9da1e186b8ede018750c600c 
Number of updated asset objects reloaded before import = 0Number of asset objects unloaded after import = 2

========================================================================
Received Import Request.
  Time since last request: 0.655029 seconds.
  path: Assets/mTexture/DefaultMaterial_normal.png
  importAddress: Guid(2221721519625ff4b94c9b01403e6993) Importer(2089858483,b0f066a214c2f5e87bad3c948f4d605d)
Start importing Assets/mTexture/DefaultMaterial_normal.png using Guid(2221721519625ff4b94c9b01403e6993) Importer(2089858483,b0f066a214c2f5e87bad3c948f4d605d) (ScriptedImporter) -> (Import Result ID: 'e9f2670461c3f3f563e8f616d21e2b06') in 0.0246873 seconds [static and dynamic dependencies]. Details - ImportResultOutputID=dec1a13552c912bf1d9cadf9b6553213 DependenciesID=0a73fbb3cddad1b3f9e9c8cf51a2e577 StaticDependenciesID=e44665d549afd44d21e470c5303b1bf5 
Number of updated asset objects reloaded before import = 0Number of asset objects unloaded after import = 1

========================================================================
Received Import Request.
  Time since last request: 0.000039 seconds.
  path: Assets/mTexture/DefaultMaterial_metallic.jpg
  importAddress: Guid(c2f088a9f4a269046bdce21242ceb482) Importer(2089858483,b0f066a214c2f5e87bad3c948f4d605d)
Start importing Assets/mTexture/DefaultMaterial_metallic.jpg using Guid(c2f088a9f4a269046bdce21242ceb482) Importer(2089858483,b0f066a214c2f5e87bad3c948f4d605d) (ScriptedImporter) -> (Import Result ID: '012b997439430e300886082e7122f1c0') in 0.0368707 seconds [static and dynamic dependencies]. Details - ImportResultOutputID=53fdb52bc3585c398cb773d0552675b8 DependenciesID=044d0de365a47a525bd02e77b335c88b StaticDependenciesID=be375e54f71ae93e13aa7ec3fca5b6ca 
Number of updated asset objects reloaded before import = 0Number of asset objects unloaded after import = 1

========================================================================
Received Import Request.
  Time since last request: 7.305849 seconds.
  path: Assets/mTexture/Blood.png
  importAddress: Guid(147fa04040ef5be4fbbd8db0790f1a9c) Importer(815301076,1909f56bfc062723c751e8b465ee728b)
Start importing Assets/mTexture/Blood.png using Guid(147fa04040ef5be4fbbd8db0790f1a9c) Importer(815301076,1909f56bfc062723c751e8b465ee728b) (PreviewImporter) -> (Import Result ID: '6ca1c186677dc7a9761a4777631fe1ae') in 0.0306594 seconds [static and dynamic dependencies]. Details - ImportResultOutputID=bc98dcfce17453bfeb72f6724f297205 DependenciesID=ff1b1223d811590b68b8cedf9f2d8179 StaticDependenciesID=4d3c98eba5a82f33f96b53d26816b7d4 
Number of updated asset objects reloaded before import = 0Number of asset objects unloaded after import = 2

========================================================================
Received Import Request.
  Time since last request: 0.000107 seconds.
  path: Assets/mTexture/TandNere.png
  importAddress: Guid(c281e12b0ed7d864ab3b1c5ee437eec9) Importer(815301076,1909f56bfc062723c751e8b465ee728b)
Start importing Assets/mTexture/TandNere.png using Guid(c281e12b0ed7d864ab3b1c5ee437eec9) Importer(815301076,1909f56bfc062723c751e8b465ee728b) (PreviewImporter) -> (Import Result ID: '2033f1aeb3340f358d0c5d235dd8ccea') in 0.0223894 seconds [static and dynamic dependencies]. Details - ImportResultOutputID=6e0606a4262b7e3b565ee7041b0c94c4 DependenciesID=52561ab7a514c99e08194c16887c4079 StaticDependenciesID=2560d0bcd5137bb59814eccc9325d443 
Number of updated asset objects reloaded before import = 0Number of asset objects unloaded after import = 2

========================================================================
Received Import Request.
  Time since last request: 0.000059 seconds.
  path: Assets/mTexture/GrannyTexturePainted_Normal.png
  importAddress: Guid(1add8d360201ec047ac1d8dd87075233) Importer(815301076,1909f56bfc062723c751e8b465ee728b)
Start importing Assets/mTexture/GrannyTexturePainted_Normal.png using Guid(1add8d360201ec047ac1d8dd87075233) Importer(815301076,1909f56bfc062723c751e8b465ee728b) (PreviewImporter) -> (Import Result ID: '8051f7b4afeb1464b3feeaa41f125a4c') in 0.0229531 seconds [static and dynamic dependencies]. Details - ImportResultOutputID=b35420555f828931461628582da7c951 DependenciesID=7abde8323e229d62ea50e082a805e66d StaticDependenciesID=ff4a9fe477b1951b5bf736bb64bdfd76 
Number of updated asset objects reloaded before import = 0Number of asset objects unloaded after import = 2

========================================================================
Received Import Request.
  Time since last request: 0.000036 seconds.
  path: Assets/mTexture/GrannyLeg.png
  importAddress: Guid(6d15074b871d0184bacab6e3996d6d2e) Importer(815301076,1909f56bfc062723c751e8b465ee728b)
Start importing Assets/mTexture/GrannyLeg.png using Guid(6d15074b871d0184bacab6e3996d6d2e) Importer(815301076,1909f56bfc062723c751e8b465ee728b) (PreviewImporter) -> (Import Result ID: '673138f8fd625b6da419d19630c1d6e3') in 0.0400073 seconds [static and dynamic dependencies]. Details - ImportResultOutputID=7eb56e406582229e4787252072429f43 DependenciesID=10067a52455f3eb367b0884d0390134d StaticDependenciesID=9452509b29ec2f485a8d39650521e739 
Number of updated asset objects reloaded before import = 0Number of asset objects unloaded after import = 2

========================================================================
Received Import Request.
  Time since last request: 0.000036 seconds.
  path: Assets/mTexture/Eye.png
  importAddress: Guid(04c04c18eb11a754eae97a9c1a542d46) Importer(815301076,1909f56bfc062723c751e8b465ee728b)
Start importing Assets/mTexture/Eye.png using Guid(04c04c18eb11a754eae97a9c1a542d46) Importer(815301076,1909f56bfc062723c751e8b465ee728b) (PreviewImporter) -> (Import Result ID: '3322a9d21f6494c03868ae446ee125c3') in 0.0261873 seconds [static and dynamic dependencies]. Details - ImportResultOutputID=c9d5ab08f1e1e62b0623e85f55b23e15 DependenciesID=ac23c10f1178695c0e99d1762b6a3d8f StaticDependenciesID=1f07438e8d250d60d230b05437301204 
Number of updated asset objects reloaded before import = 0Number of asset objects unloaded after import = 2

========================================================================
Received Import Request.
  Time since last request: 0.039778 seconds.
  path: Assets/mTexture/Eye.png
  importAddress: Guid(04c04c18eb11a754eae97a9c1a542d46) Importer(2089858483,b0f066a214c2f5e87bad3c948f4d605d)
Start importing Assets/mTexture/Eye.png using Guid(04c04c18eb11a754eae97a9c1a542d46) Importer(2089858483,b0f066a214c2f5e87bad3c948f4d605d) (ScriptedImporter) -> (Import Result ID: 'e85d695a5cb54292dcc4499a63f40f59') in 0.0950295 seconds [static and dynamic dependencies]. Details - ImportResultOutputID=61ae797bcb99e6a1a7c222629e0a0b95 DependenciesID=7f8158f5c5f59166ff22b7843ce7d508 StaticDependenciesID=619624363b11307ed4b11775e2d2f419 
Number of updated asset objects reloaded before import = 0Number of asset objects unloaded after import = 1

========================================================================
Received Import Request.
  Time since last request: 0.000033 seconds.
  path: Assets/mTexture/GrannyTexturePainted2.png
  importAddress: Guid(a7a73ed74194d91419854a178fa781df) Importer(2089858483,b0f066a214c2f5e87bad3c948f4d605d)
Start importing Assets/mTexture/GrannyTexturePainted2.png using Guid(a7a73ed74194d91419854a178fa781df) Importer(2089858483,b0f066a214c2f5e87bad3c948f4d605d) (ScriptedImporter) -> (Import Result ID: '17b841ad5b718fa178c6dcfc022cccc5') in 0.0264109 seconds [static and dynamic dependencies]. Details - ImportResultOutputID=7a3c9c48c1a1a058d650f8886c11af63 DependenciesID=c761b2c0ee3e6376f8033dc33ed503fe StaticDependenciesID=92ff7564f6ce47c46d0a8a5eb11a073a 
Number of updated asset objects reloaded before import = 0Number of asset objects unloaded after import = 1

========================================================================
Received Import Request.
  Time since last request: 0.000040 seconds.
  path: Assets/mTexture/HairMap1.png
  importAddress: Guid(d7776057acc28464eb80122d37268937) Importer(2089858483,b0f066a214c2f5e87bad3c948f4d605d)
Start importing Assets/mTexture/HairMap1.png using Guid(d7776057acc28464eb80122d37268937) Importer(2089858483,b0f066a214c2f5e87bad3c948f4d605d) (ScriptedImporter) -> (Import Result ID: '63017153d147ff67ace096aa7d3b0e79') in 0.023772 seconds [static and dynamic dependencies]. Details - ImportResultOutputID=7e6af9a949d0d4aa6c9721e12a0f0bee DependenciesID=6d4bac4769d67409f19825dbd97b1403 StaticDependenciesID=e0f30d2b0301a66307c96686eaf251eb 
Number of updated asset objects reloaded before import = 0Number of asset objects unloaded after import = 1

========================================================================
Received Import Request.
  Time since last request: 0.000074 seconds.
  path: Assets/mTexture/GrannyTexturePainted_Normal.png
  importAddress: Guid(1add8d360201ec047ac1d8dd87075233) Importer(2089858483,b0f066a214c2f5e87bad3c948f4d605d)
Start importing Assets/mTexture/GrannyTexturePainted_Normal.png using Guid(1add8d360201ec047ac1d8dd87075233) Importer(2089858483,b0f066a214c2f5e87bad3c948f4d605d) (ScriptedImporter) -> (Import Result ID: 'bae954797577914174609597984ac8e4') in 0.0283355 seconds [static and dynamic dependencies]. Details - ImportResultOutputID=b47c881d3d651a51e8732e977cfddbf3 DependenciesID=94c686044212eb81bbf8ceb9431c09fa StaticDependenciesID=1cae57b21eb5218953cb75c0c25414df 
Number of updated asset objects reloaded before import = 0Number of asset objects unloaded after import = 1

========================================================================
Received Import Request.
  Time since last request: 0.000050 seconds.
  path: Assets/mTexture/TexturesCom_WoodFine0077_6_seamless_S_Norm.png
  importAddress: Guid(29d782d5a51f88043866000dd456251f) Importer(2089858483,b0f066a214c2f5e87bad3c948f4d605d)
Start importing Assets/mTexture/TexturesCom_WoodFine0077_6_seamless_S_Norm.png using Guid(29d782d5a51f88043866000dd456251f) Importer(2089858483,b0f066a214c2f5e87bad3c948f4d605d) (ScriptedImporter) -> (Import Result ID: '70067f9e8dfe2978d604b4a6b2b2c3f7') in 0.0639105 seconds [static and dynamic dependencies]. Details - ImportResultOutputID=efdbe80ca5ccf0f1d05af08bed98a3f8 DependenciesID=a75ad56de1911d061051a192477525f9 StaticDependenciesID=f5ec02abab2f3e2e5b0846564faa0221 
Number of updated asset objects reloaded before import = 0Number of asset objects unloaded after import = 1

Editor requested this worker to shutdown with reason: Scaling down because of idle timeout
AssetImportWorker is now disconnected from the server
Process exiting
Exiting without the bug reporter. Application will terminate with return code 0